<?xml version="1.0" encoding="UTF-8"?>
<testsuites name="Run Masttermost Tests" time="586.173" tests="52" failures="13" errors="0">
   <testsuite name="Run Masttermost Tests" tests="52" failures="13" errors="0" time="586.173" timestamp="2020-06-06 00:21:27" hostname="coinhako - 192.168.0.118" id="Test Suites/Run Masttermost Tests">
      <properties>
[...]
</properties>
      <testcase name="Test Cases/Data Type/Login user accounts" time="16.839" classname="Test Cases/Data Type/Login user accounts" status="PASSED">
         <system-out><![CDATA[2020-06-06 00:21:27 - [TEST_CASE][PASSED] - Test Cases/Data Type/Login user accounts: Test Cases/Data Type/Login user accounts

2020-06-06 00:21:28 - [TEST_STEP][PASSED] - openBrowser(""): Browser is opened with url: ''

2020-06-06 00:21:28 - [MESSAGE][INFO] - Starting 'Firefox' driver

2020-06-06 00:21:28 - [MESSAGE][INFO] - Action delay is set to 0 milliseconds

2020-06-06 00:21:34 - [MESSAGE][PASSED] - Browser is opened with url: ''

2020-06-06 00:21:34 - [TEST_STEP][PASSED] - navigateToUrl("http://localhost:8065/login"): Navigate to 'http://localhost:8065/login' successfully

2020-06-06 00:21:35 - [MESSAGE][PASSED] - Navigate to 'http://localhost:8065/login' successfully

2020-06-06 00:21:35 - [TEST_STEP][PASSED] - setText(findTestObject("Object Repository/Page_Mattermost/input_All team communication in one place s_703ef5"), username): Text 'abc' is set on object 'Object Repository/Page_Mattermost/input_All team communication in one place s_703ef5'

2020-06-06 00:21:39 - [MESSAGE][PASSED] - Text 'abc' is set on object 'Object Repository/Page_Mattermost/input_All team communication in one place s_703ef5'

2020-06-06 00:21:39 - [TEST_STEP][PASSED] - setEncryptedText(findTestObject("Object Repository/Page_Mattermost/input_All team communication in one place s_2f2733"), password): Text ****** has been set on object 'Object Repository/Page_Mattermost/input_All team communication in one place s_2f2733'

2020-06-06 00:21:41 - [MESSAGE][PASSED] - Text ****** has been set on object 'Object Repository/Page_Mattermost/input_All team communication in one place s_2f2733'

2020-06-06 00:21:41 - [TEST_STEP][PASSED] - click(findTestObject("Object Repository/Page_Mattermost/span_Sign in")): Object: 'Object Repository/Page_Mattermost/span_Sign in' is clicked on

2020-06-06 00:21:44 - [MESSAGE][PASSED] - Object: 'Object Repository/Page_Mattermost/span_Sign in' is clicked on]]></system-out>
         <system-err><![CDATA[]]></system-err>
      </testcase>
      <testcase name="Test Cases/Data Type/Login user accounts" time="8.714" classname="Test Cases/Data Type/Login user accounts" status="PASSED">
         <system-out><![CDATA[2020-06-06 00:21:44 - [TEST_CASE][PASSED] - Test Cases/Data Type/Login user accounts: Test Cases/Data Type/Login user accounts

2020-06-06 00:21:44 - [TEST_STEP][PASSED] - openBrowser(""): Browser is opened with url: ''

2020-06-06 00:21:44 - [MESSAGE][WARNING] - A browser is already opened. Closing browser and opening a new one

2020-06-06 00:21:46 - [MESSAGE][INFO] - Starting 'Firefox' driver

2020-06-06 00:21:46 - [MESSAGE][INFO] - Action delay is set to 0 milliseconds

2020-06-06 00:21:49 - [MESSAGE][PASSED] - Browser is opened with url: ''

2020-06-06 00:21:49 - [TEST_STEP][PASSED] - navigateToUrl("http://localhost:8065/login"): Navigate to 'http://localhost:8065/login' successfully

2020-06-06 00:21:50 - [MESSAGE][PASSED] - Navigate to 'http://localhost:8065/login' successfully

2020-06-06 00:21:50 - [TEST_STEP][PASSED] - setText(findTestObject("Object Repository/Page_Mattermost/input_All team communication in one place s_703ef5"), username): Text 'user-1' is set on object 'Object Repository/Page_Mattermost/input_All team communication in one place s_703ef5'

2020-06-06 00:21:51 - [MESSAGE][PASSED] - Text 'user-1' is set on object 'Object Repository/Page_Mattermost/input_All team communication in one place s_703ef5'

2020-06-06 00:21:51 - [TEST_STEP][PASSED] - setEncryptedText(findTestObject("Object Repository/Page_Mattermost/input_All team communication in one place s_2f2733"), password): Text ****** has been set on object 'Object Repository/Page_Mattermost/input_All team communication in one place s_2f2733'

2020-06-06 00:21:52 - [MESSAGE][PASSED] - Text ****** has been set on object 'Object Repository/Page_Mattermost/input_All team communication in one place s_2f2733'

2020-06-06 00:21:52 - [TEST_STEP][PASSED] - click(findTestObject("Object Repository/Page_Mattermost/span_Sign in")): Object: 'Object Repository/Page_Mattermost/span_Sign in' is clicked on

2020-06-06 00:21:53 - [MESSAGE][PASSED] - Object: 'Object Repository/Page_Mattermost/span_Sign in' is clicked on]]></system-out>
         <system-err><![CDATA[]]></system-err>
      </testcase>
      <testcase name="Test Cases/Data Type/Login user accounts" time="8.661" classname="Test Cases/Data Type/Login user accounts" status="PASSED">
         <system-out><![CDATA[2020-06-06 00:21:53 - [TEST_CASE][PASSED] - Test Cases/Data Type/Login user accounts: Test Cases/Data Type/Login user accounts

2020-06-06 00:21:53 - [TEST_STEP][PASSED] - openBrowser(""): Browser is opened with url: ''

2020-06-06 00:21:53 - [MESSAGE][WARNING] - A browser is already opened. Closing browser and opening a new one

2020-06-06 00:21:55 - [MESSAGE][INFO] - Starting 'Firefox' driver

2020-06-06 00:21:55 - [MESSAGE][INFO] - Action delay is set to 0 milliseconds

2020-06-06 00:21:58 - [MESSAGE][PASSED] - Browser is opened with url: ''

2020-06-06 00:21:58 - [TEST_STEP][PASSED] - navigateToUrl("http://localhost:8065/login"): Navigate to 'http://localhost:8065/login' successfully

2020-06-06 00:21:59 - [MESSAGE][PASSED] - Navigate to 'http://localhost:8065/login' successfully

2020-06-06 00:21:59 - [TEST_STEP][PASSED] - setText(findTestObject("Object Repository/Page_Mattermost/input_All team communication in one place s_703ef5"), username): Text 'abcd' is set on object 'Object Repository/Page_Mattermost/input_All team communication in one place s_703ef5'

2020-06-06 00:22:00 - [MESSAGE][PASSED] - Text 'abcd' is set on object 'Object Repository/Page_Mattermost/input_All team communication in one place s_703ef5'

2020-06-06 00:22:00 - [TEST_STEP][PASSED] - setEncryptedText(findTestObject("Object Repository/Page_Mattermost/input_All team communication in one place s_2f2733"), password): Text ****** has been set on object 'Object Repository/Page_Mattermost/input_All team communication in one place s_2f2733'

2020-06-06 00:22:01 - [MESSAGE][PASSED] - Text ****** has been set on object 'Object Repository/Page_Mattermost/input_All team communication in one place s_2f2733'

2020-06-06 00:22:01 - [TEST_STEP][PASSED] - click(findTestObject("Object Repository/Page_Mattermost/span_Sign in")): Object: 'Object Repository/Page_Mattermost/span_Sign in' is clicked on

2020-06-06 00:22:02 - [MESSAGE][PASSED] - Object: 'Object Repository/Page_Mattermost/span_Sign in' is clicked on]]></system-out>
         <system-err><![CDATA[]]></system-err>
      </testcase>
      <testcase name="Test Cases/Data Type/Login user accounts" time="8.619" classname="Test Cases/Data Type/Login user accounts" status="PASSED">
         <system-out><![CDATA[2020-06-06 00:22:02 - [TEST_CASE][PASSED] - Test Cases/Data Type/Login user accounts: Test Cases/Data Type/Login user accounts

2020-06-06 00:22:02 - [TEST_STEP][PASSED] - openBrowser(""): Browser is opened with url: ''

2020-06-06 00:22:02 - [MESSAGE][WARNING] - A browser is already opened. Closing browser and opening a new one

2020-06-06 00:22:03 - [MESSAGE][INFO] - Starting 'Firefox' driver

2020-06-06 00:22:03 - [MESSAGE][INFO] - Action delay is set to 0 milliseconds

2020-06-06 00:22:07 - [MESSAGE][PASSED] - Browser is opened with url: ''

2020-06-06 00:22:07 - [TEST_STEP][PASSED] - navigateToUrl("http://localhost:8065/login"): Navigate to 'http://localhost:8065/login' successfully

2020-06-06 00:22:08 - [MESSAGE][PASSED] - Navigate to 'http://localhost:8065/login' successfully

2020-06-06 00:22:08 - [TEST_STEP][PASSED] - setText(findTestObject("Object Repository/Page_Mattermost/input_All team communication in one place s_703ef5"), username): Text 'hoangnguyen' is set on object 'Object Repository/Page_Mattermost/input_All team communication in one place s_703ef5'

2020-06-06 00:22:09 - [MESSAGE][PASSED] - Text 'hoangnguyen' is set on object 'Object Repository/Page_Mattermost/input_All team communication in one place s_703ef5'

2020-06-06 00:22:09 - [TEST_STEP][PASSED] - setEncryptedText(findTestObject("Object Repository/Page_Mattermost/input_All team communication in one place s_2f2733"), password): Text ****** has been set on object 'Object Repository/Page_Mattermost/input_All team communication in one place s_2f2733'

2020-06-06 00:22:09 - [MESSAGE][PASSED] - Text ****** has been set on object 'Object Repository/Page_Mattermost/input_All team communication in one place s_2f2733'

2020-06-06 00:22:09 - [TEST_STEP][PASSED] - click(findTestObject("Object Repository/Page_Mattermost/span_Sign in")): Object: 'Object Repository/Page_Mattermost/span_Sign in' is clicked on

2020-06-06 00:22:10 - [MESSAGE][PASSED] - Object: 'Object Repository/Page_Mattermost/span_Sign in' is clicked on]]></system-out>
         <system-err><![CDATA[]]></system-err>
      </testcase>
      <testcase name="Test Cases/Data Type/Login user accounts" time="8.52" classname="Test Cases/Data Type/Login user accounts" status="PASSED">
         <system-out><![CDATA[2020-06-06 00:22:10 - [TEST_CASE][PASSED] - Test Cases/Data Type/Login user accounts: Test Cases/Data Type/Login user accounts

2020-06-06 00:22:10 - [TEST_STEP][PASSED] - openBrowser(""): Browser is opened with url: ''

2020-06-06 00:22:10 - [MESSAGE][WARNING] - A browser is already opened. Closing browser and opening a new one

2020-06-06 00:22:12 - [MESSAGE][INFO] - Starting 'Firefox' driver

2020-06-06 00:22:12 - [MESSAGE][INFO] - Action delay is set to 0 milliseconds

2020-06-06 00:22:15 - [MESSAGE][PASSED] - Browser is opened with url: ''

2020-06-06 00:22:15 - [TEST_STEP][PASSED] - navigateToUrl("http://localhost:8065/login"): Navigate to 'http://localhost:8065/login' successfully

2020-06-06 00:22:16 - [MESSAGE][PASSED] - Navigate to 'http://localhost:8065/login' successfully

2020-06-06 00:22:16 - [TEST_STEP][PASSED] - setText(findTestObject("Object Repository/Page_Mattermost/input_All team communication in one place s_703ef5"), username): Text 'hoanganh' is set on object 'Object Repository/Page_Mattermost/input_All team communication in one place s_703ef5'

2020-06-06 00:22:17 - [MESSAGE][PASSED] - Text 'hoanganh' is set on object 'Object Repository/Page_Mattermost/input_All team communication in one place s_703ef5'

2020-06-06 00:22:17 - [TEST_STEP][PASSED] - setEncryptedText(findTestObject("Object Repository/Page_Mattermost/input_All team communication in one place s_2f2733"), password): Text ****** has been set on object 'Object Repository/Page_Mattermost/input_All team communication in one place s_2f2733'

2020-06-06 00:22:18 - [MESSAGE][PASSED] - Text ****** has been set on object 'Object Repository/Page_Mattermost/input_All team communication in one place s_2f2733'

2020-06-06 00:22:18 - [TEST_STEP][PASSED] - click(findTestObject("Object Repository/Page_Mattermost/span_Sign in")): Object: 'Object Repository/Page_Mattermost/span_Sign in' is clicked on

2020-06-06 00:22:19 - [MESSAGE][PASSED] - Object: 'Object Repository/Page_Mattermost/span_Sign in' is clicked on]]></system-out>
         <system-err><![CDATA[]]></system-err>
      </testcase>
      <testcase name="Test Cases/Internal/Change email accounts" time="17.358" classname="Test Cases/Internal/Change email accounts" status="PASSED">
         <system-out><![CDATA[2020-06-06 00:22:19 - [TEST_CASE][PASSED] - Test Cases/Internal/Change email accounts: Test Cases/Internal/Change email accounts

2020-06-06 00:22:19 - [TEST_STEP][PASSED] - openBrowser(""): Browser is opened with url: ''

2020-06-06 00:22:19 - [MESSAGE][WARNING] - A browser is already opened. Closing browser and opening a new one

2020-06-06 00:22:22 - [MESSAGE][INFO] - Starting 'Firefox' driver

2020-06-06 00:22:22 - [MESSAGE][INFO] - Action delay is set to 0 milliseconds

2020-06-06 00:22:25 - [MESSAGE][PASSED] - Browser is opened with url: ''

2020-06-06 00:22:25 - [TEST_STEP][PASSED] - navigateToUrl("http://localhost:8065/login"): Navigate to 'http://localhost:8065/login' successfully

2020-06-06 00:22:26 - [MESSAGE][PASSED] - Navigate to 'http://localhost:8065/login' successfully

2020-06-06 00:22:26 - [TEST_STEP][PASSED] - setText(findTestObject("Page_Mattermost/input_All team communication in one place s_703ef5"), "user-1"): Text 'user-1' is set on object 'Object Repository/Page_Mattermost/input_All team communication in one place s_703ef5'

2020-06-06 00:22:27 - [MESSAGE][PASSED] - Text 'user-1' is set on object 'Object Repository/Page_Mattermost/input_All team communication in one place s_703ef5'

2020-06-06 00:22:27 - [TEST_STEP][PASSED] - setEncryptedText(findTestObject("Page_Mattermost/input_All team communication in one place s_2f2733"), "MZgS3bkacIma+dCTaK/maA=="): Text ****** has been set on object 'Object Repository/Page_Mattermost/input_All team communication in one place s_2f2733'

2020-06-06 00:22:28 - [MESSAGE][PASSED] - Text ****** has been set on object 'Object Repository/Page_Mattermost/input_All team communication in one place s_2f2733'

2020-06-06 00:22:28 - [TEST_STEP][PASSED] - click(findTestObject("Page_Mattermost/button_Sign in")): Object: 'Object Repository/Page_Mattermost/button_Sign in' is clicked on

2020-06-06 00:22:29 - [MESSAGE][PASSED] - Object: 'Object Repository/Page_Mattermost/button_Sign in' is clicked on

2020-06-06 00:22:29 - [TEST_STEP][PASSED] - click(findTestObject("Page_ Town Square - eligendi Mattermost/div_user-1")): Object: 'Object Repository/Page_ Town Square - eligendi Mattermost/div_user-1' is clicked on

2020-06-06 00:22:30 - [MESSAGE][PASSED] - Object: 'Object Repository/Page_ Town Square - eligendi Mattermost/div_user-1' is clicked on

2020-06-06 00:22:30 - [TEST_STEP][PASSED] - click(findTestObject("Page_ Town Square - eligendi Mattermost/button_Account Settings")): Object: 'Object Repository/Page_ Town Square - eligendi Mattermost/button_Account Settings' is clicked on

2020-06-06 00:22:31 - [MESSAGE][PASSED] - Object: 'Object Repository/Page_ Town Square - eligendi Mattermost/button_Account Settings' is clicked on

2020-06-06 00:22:31 - [TEST_STEP][PASSED] - click(findTestObject("Object Repository/Page_ Town Square - eligendi Mattermost/span_Edit")): Object: 'Object Repository/Page_ Town Square - eligendi Mattermost/span_Edit' is clicked on

2020-06-06 00:22:32 - [MESSAGE][PASSED] - Object: 'Object Repository/Page_ Town Square - eligendi Mattermost/span_Edit' is clicked on

2020-06-06 00:22:32 - [TEST_STEP][PASSED] - setText(findTestObject("Page_ Town Square - eligendi Mattermost/input_New Email_primaryEmail"), newemail): Text 'abc' is set on object 'Object Repository/Page_ Town Square - eligendi Mattermost/input_New Email_primaryEmail'

2020-06-06 00:22:32 - [MESSAGE][PASSED] - Text 'abc' is set on object 'Object Repository/Page_ Town Square - eligendi Mattermost/input_New Email_primaryEmail'

2020-06-06 00:22:32 - [TEST_STEP][PASSED] - setText(findTestObject("Page_ Town Square - eligendi Mattermost/input_Confirm Email_confirmEmail"), confirmemail): Text 'abc' is set on object 'Object Repository/Page_ Town Square - eligendi Mattermost/input_Confirm Email_confirmEmail'

2020-06-06 00:22:33 - [MESSAGE][PASSED] - Text 'abc' is set on object 'Object Repository/Page_ Town Square - eligendi Mattermost/input_Confirm Email_confirmEmail'

2020-06-06 00:22:33 - [TEST_STEP][PASSED] - setEncryptedText(findTestObject("Page_ Town Square - eligendi Mattermost/input_Current Password_currentPassword"), password): Text ****** has been set on object 'Object Repository/Page_ Town Square - eligendi Mattermost/input_Current Password_currentPassword'

2020-06-06 00:22:34 - [MESSAGE][PASSED] - Text ****** has been set on object 'Object Repository/Page_ Town Square - eligendi Mattermost/input_Current Password_currentPassword'

2020-06-06 00:22:34 - [TEST_STEP][PASSED] - click(findTestObject("Page_ Town Square - eligendi Mattermost/button_Save")): Object: 'Object Repository/Page_ Town Square - eligendi Mattermost/button_Save' is clicked on

2020-06-06 00:22:34 - [MESSAGE][PASSED] - Object: 'Object Repository/Page_ Town Square - eligendi Mattermost/button_Save' is clicked on

2020-06-06 00:22:34 - [TEST_STEP][PASSED] - closeBrowser(): Browser is closed

2020-06-06 00:22:36 - [MESSAGE][PASSED] - Browser is closed]]></system-out>
         <system-err><![CDATA[]]></system-err>
      </testcase>
      <testcase name="Test Cases/Internal/Change email accounts" time="14.242" classname="Test Cases/Internal/Change email accounts" status="PASSED">
         <system-out><![CDATA[2020-06-06 00:22:36 - [TEST_CASE][PASSED] - Test Cases/Internal/Change email accounts: Test Cases/Internal/Change email accounts

2020-06-06 00:22:36 - [TEST_STEP][PASSED] - openBrowser(""): Browser is opened with url: ''

2020-06-06 00:22:36 - [MESSAGE][INFO] - Starting 'Firefox' driver

2020-06-06 00:22:36 - [MESSAGE][INFO] - Action delay is set to 0 milliseconds

2020-06-06 00:22:40 - [MESSAGE][PASSED] - Browser is opened with url: ''

2020-06-06 00:22:40 - [TEST_STEP][PASSED] - navigateToUrl("http://localhost:8065/login"): Navigate to 'http://localhost:8065/login' successfully

2020-06-06 00:22:40 - [MESSAGE][PASSED] - Navigate to 'http://localhost:8065/login' successfully

2020-06-06 00:22:40 - [TEST_STEP][PASSED] - setText(findTestObject("Page_Mattermost/input_All team communication in one place s_703ef5"), "user-1"): Text 'user-1' is set on object 'Object Repository/Page_Mattermost/input_All team communication in one place s_703ef5'

2020-06-06 00:22:42 - [MESSAGE][PASSED] - Text 'user-1' is set on object 'Object Repository/Page_Mattermost/input_All team communication in one place s_703ef5'

2020-06-06 00:22:42 - [TEST_STEP][PASSED] - setEncryptedText(findTestObject("Page_Mattermost/input_All team communication in one place s_2f2733"), "MZgS3bkacIma+dCTaK/maA=="): Text ****** has been set on object 'Object Repository/Page_Mattermost/input_All team communication in one place s_2f2733'

2020-06-06 00:22:42 - [MESSAGE][PASSED] - Text ****** has been set on object 'Object Repository/Page_Mattermost/input_All team communication in one place s_2f2733'

2020-06-06 00:22:42 - [TEST_STEP][PASSED] - click(findTestObject("Page_Mattermost/button_Sign in")): Object: 'Object Repository/Page_Mattermost/button_Sign in' is clicked on

2020-06-06 00:22:43 - [MESSAGE][PASSED] - Object: 'Object Repository/Page_Mattermost/button_Sign in' is clicked on

2020-06-06 00:22:43 - [TEST_STEP][PASSED] - click(findTestObject("Page_ Town Square - eligendi Mattermost/div_user-1")): Object: 'Object Repository/Page_ Town Square - eligendi Mattermost/div_user-1' is clicked on

2020-06-06 00:22:45 - [MESSAGE][PASSED] - Object: 'Object Repository/Page_ Town Square - eligendi Mattermost/div_user-1' is clicked on

2020-06-06 00:22:45 - [TEST_STEP][PASSED] - click(findTestObject("Page_ Town Square - eligendi Mattermost/button_Account Settings")): Object: 'Object Repository/Page_ Town Square - eligendi Mattermost/button_Account Settings' is clicked on

2020-06-06 00:22:45 - [MESSAGE][PASSED] - Object: 'Object Repository/Page_ Town Square - eligendi Mattermost/button_Account Settings' is clicked on

2020-06-06 00:22:45 - [TEST_STEP][PASSED] - click(findTestObject("Object Repository/Page_ Town Square - eligendi Mattermost/span_Edit")): Object: 'Object Repository/Page_ Town Square - eligendi Mattermost/span_Edit' is clicked on

2020-06-06 00:22:46 - [MESSAGE][PASSED] - Object: 'Object Repository/Page_ Town Square - eligendi Mattermost/span_Edit' is clicked on

2020-06-06 00:22:46 - [TEST_STEP][PASSED] - setText(findTestObject("Page_ Town Square - eligendi Mattermost/input_New Email_primaryEmail"), newemail): Text 'abcd' is set on object 'Object Repository/Page_ Town Square - eligendi Mattermost/input_New Email_primaryEmail'

2020-06-06 00:22:47 - [MESSAGE][PASSED] - Text 'abcd' is set on object 'Object Repository/Page_ Town Square - eligendi Mattermost/input_New Email_primaryEmail'

2020-06-06 00:22:47 - [TEST_STEP][PASSED] - setText(findTestObject("Page_ Town Square - eligendi Mattermost/input_Confirm Email_confirmEmail"), confirmemail): Text '1234' is set on object 'Object Repository/Page_ Town Square - eligendi Mattermost/input_Confirm Email_confirmEmail'

2020-06-06 00:22:48 - [MESSAGE][PASSED] - Text '1234' is set on object 'Object Repository/Page_ Town Square - eligendi Mattermost/input_Confirm Email_confirmEmail'

2020-06-06 00:22:48 - [TEST_STEP][PASSED] - setEncryptedText(findTestObject("Page_ Town Square - eligendi Mattermost/input_Current Password_currentPassword"), password): Text ****** has been set on object 'Object Repository/Page_ Town Square - eligendi Mattermost/input_Current Password_currentPassword'

2020-06-06 00:22:48 - [MESSAGE][PASSED] - Text ****** has been set on object 'Object Repository/Page_ Town Square - eligendi Mattermost/input_Current Password_currentPassword'

2020-06-06 00:22:48 - [TEST_STEP][PASSED] - click(findTestObject("Page_ Town Square - eligendi Mattermost/button_Save")): Object: 'Object Repository/Page_ Town Square - eligendi Mattermost/button_Save' is clicked on

2020-06-06 00:22:49 - [MESSAGE][PASSED] - Object: 'Object Repository/Page_ Town Square - eligendi Mattermost/button_Save' is clicked on

2020-06-06 00:22:49 - [TEST_STEP][PASSED] - closeBrowser(): Browser is closed

2020-06-06 00:22:50 - [MESSAGE][PASSED] - Browser is closed]]></system-out>
         <system-err><![CDATA[]]></system-err>
      </testcase>
      <testcase name="Test Cases/Internal/Change email accounts" time="13.846" classname="Test Cases/Internal/Change email accounts" status="PASSED">
         <system-out><![CDATA[2020-06-06 00:22:50 - [TEST_CASE][PASSED] - Test Cases/Internal/Change email accounts: Test Cases/Internal/Change email accounts

2020-06-06 00:22:50 - [TEST_STEP][PASSED] - openBrowser(""): Browser is opened with url: ''

2020-06-06 00:22:50 - [MESSAGE][INFO] - Starting 'Firefox' driver

2020-06-06 00:22:50 - [MESSAGE][INFO] - Action delay is set to 0 milliseconds

2020-06-06 00:22:54 - [MESSAGE][PASSED] - Browser is opened with url: ''

2020-06-06 00:22:54 - [TEST_STEP][PASSED] - navigateToUrl("http://localhost:8065/login"): Navigate to 'http://localhost:8065/login' successfully

2020-06-06 00:22:54 - [MESSAGE][PASSED] - Navigate to 'http://localhost:8065/login' successfully

2020-06-06 00:22:54 - [TEST_STEP][PASSED] - setText(findTestObject("Page_Mattermost/input_All team communication in one place s_703ef5"), "user-1"): Text 'user-1' is set on object 'Object Repository/Page_Mattermost/input_All team communication in one place s_703ef5'

2020-06-06 00:22:56 - [MESSAGE][PASSED] - Text 'user-1' is set on object 'Object Repository/Page_Mattermost/input_All team communication in one place s_703ef5'

2020-06-06 00:22:56 - [TEST_STEP][PASSED] - setEncryptedText(findTestObject("Page_Mattermost/input_All team communication in one place s_2f2733"), "MZgS3bkacIma+dCTaK/maA=="): Text ****** has been set on object 'Object Repository/Page_Mattermost/input_All team communication in one place s_2f2733'

2020-06-06 00:22:56 - [MESSAGE][PASSED] - Text ****** has been set on object 'Object Repository/Page_Mattermost/input_All team communication in one place s_2f2733'

2020-06-06 00:22:56 - [TEST_STEP][PASSED] - click(findTestObject("Page_Mattermost/button_Sign in")): Object: 'Object Repository/Page_Mattermost/button_Sign in' is clicked on

2020-06-06 00:22:57 - [MESSAGE][PASSED] - Object: 'Object Repository/Page_Mattermost/button_Sign in' is clicked on

2020-06-06 00:22:57 - [TEST_STEP][PASSED] - click(findTestObject("Page_ Town Square - eligendi Mattermost/div_user-1")): Object: 'Object Repository/Page_ Town Square - eligendi Mattermost/div_user-1' is clicked on

2020-06-06 00:22:58 - [MESSAGE][PASSED] - Object: 'Object Repository/Page_ Town Square - eligendi Mattermost/div_user-1' is clicked on

2020-06-06 00:22:58 - [TEST_STEP][PASSED] - click(findTestObject("Page_ Town Square - eligendi Mattermost/button_Account Settings")): Object: 'Object Repository/Page_ Town Square - eligendi Mattermost/button_Account Settings' is clicked on

2020-06-06 00:22:59 - [MESSAGE][PASSED] - Object: 'Object Repository/Page_ Town Square - eligendi Mattermost/button_Account Settings' is clicked on

2020-06-06 00:22:59 - [TEST_STEP][PASSED] - click(findTestObject("Object Repository/Page_ Town Square - eligendi Mattermost/span_Edit")): Object: 'Object Repository/Page_ Town Square - eligendi Mattermost/span_Edit' is clicked on

2020-06-06 00:23:00 - [MESSAGE][PASSED] - Object: 'Object Repository/Page_ Town Square - eligendi Mattermost/span_Edit' is clicked on

2020-06-06 00:23:00 - [TEST_STEP][PASSED] - setText(findTestObject("Page_ Town Square - eligendi Mattermost/input_New Email_primaryEmail"), newemail): Text 'abc@abc.com' is set on object 'Object Repository/Page_ Town Square - eligendi Mattermost/input_New Email_primaryEmail'

2020-06-06 00:23:01 - [MESSAGE][PASSED] - Text 'abc@abc.com' is set on object 'Object Repository/Page_ Town Square - eligendi Mattermost/input_New Email_primaryEmail'

2020-06-06 00:23:01 - [TEST_STEP][PASSED] - setText(findTestObject("Page_ Town Square - eligendi Mattermost/input_Confirm Email_confirmEmail"), confirmemail): Text 'edf' is set on object 'Object Repository/Page_ Town Square - eligendi Mattermost/input_Confirm Email_confirmEmail'

2020-06-06 00:23:01 - [MESSAGE][PASSED] - Text 'edf' is set on object 'Object Repository/Page_ Town Square - eligendi Mattermost/input_Confirm Email_confirmEmail'

2020-06-06 00:23:01 - [TEST_STEP][PASSED] - setEncryptedText(findTestObject("Page_ Town Square - eligendi Mattermost/input_Current Password_currentPassword"), password): Text ****** has been set on object 'Object Repository/Page_ Town Square - eligendi Mattermost/input_Current Password_currentPassword'

2020-06-06 00:23:02 - [MESSAGE][PASSED] - Text ****** has been set on object 'Object Repository/Page_ Town Square - eligendi Mattermost/input_Current Password_currentPassword'

2020-06-06 00:23:02 - [TEST_STEP][PASSED] - click(findTestObject("Page_ Town Square - eligendi Mattermost/button_Save")): Object: 'Object Repository/Page_ Town Square - eligendi Mattermost/button_Save' is clicked on

2020-06-06 00:23:02 - [MESSAGE][PASSED] - Object: 'Object Repository/Page_ Town Square - eligendi Mattermost/button_Save' is clicked on

2020-06-06 00:23:02 - [TEST_STEP][PASSED] - closeBrowser(): Browser is closed

2020-06-06 00:23:04 - [MESSAGE][PASSED] - Browser is closed]]></system-out>
         <system-err><![CDATA[]]></system-err>
      </testcase>
      <testcase name="Test Cases/Internal/Change email accounts" time="11.088" classname="Test Cases/Internal/Change email accounts" status="FAILED">
         <failure type="FAILED" message="Test Cases/Internal/Change email accounts FAILED.
Reason:
com.kms.katalon.core.exception.StepFailedException: Unable to set encrypted text for object 'Object Repository/Page_ Town Square - eligendi Mattermost/input_Current Password_currentPassword'
	at com.kms.katalon.core.webui.keyword.internal.WebUIKeywordMain.stepFailed(WebUIKeywordMain.groovy:64)
	at com.kms.katalon.core.webui.keyword.internal.WebUIKeywordMain.runKeyword(WebUIKeywordMain.groovy:26)
	at com.kms.katalon.core.webui.keyword.builtin.SetEncryptedTextKeyword.setEncryptedText(SetEncryptedTextKeyword.groovy:65)
	at com.kms.katalon.core.webui.keyword.builtin.SetEncryptedTextKeyword.execute(SetEncryptedTextKeyword.groovy:34)
	at com.kms.katalon.core.keyword.internal.KeywordExecutor.executeKeywordForPlatform(KeywordExecutor.groovy:72)
	at com.kms.katalon.core.webui.keyword.WebUiBuiltInKeywords.setEncryptedText(WebUiBuiltInKeywords.groovy:1007)
	at com.kms.katalon.core.webui.keyword.WebUiBuiltInKeywords$setEncryptedText$2.call(Unknown Source)
	at Change email accounts.run(Change email accounts:39)
	at com.kms.katalon.core.main.ScriptEngine.run(ScriptEngine.java:194)
	at com.kms.katalon.core.main.ScriptEngine.runScriptAsRawText(ScriptEngine.java:119)
	at com.kms.katalon.core.main.TestCaseExecutor.runScript(TestCaseExecutor.java:337)
	at com.kms.katalon.core.main.TestCaseExecutor.doExecute(TestCaseExecutor.java:328)
	at com.kms.katalon.core.main.TestCaseExecutor.processExecutionPhase(TestCaseExecutor.java:307)
	at com.kms.katalon.core.main.TestCaseExecutor.accessMainPhase(TestCaseExecutor.java:299)
	at com.kms.katalon.core.main.TestCaseExecutor.execute(TestCaseExecutor.java:233)
	at com.kms.katalon.core.main.TestSuiteExecutor.accessTestCaseMainPhase(TestSuiteExecutor.java:169)
	at com.kms.katalon.core.main.TestSuiteExecutor.accessTestSuiteMainPhase(TestSuiteExecutor.java:142)
	at com.kms.katalon.core.main.TestSuiteExecutor.execute(TestSuiteExecutor.java:91)
	at com.kms.katalon.core.main.TestCaseMain.startTestSuite(TestCaseMain.java:157)
	at com.kms.katalon.core.main.TestCaseMain$startTestSuite$0.call(Unknown Source)
	at TempTestSuite1591377684433.run(TempTestSuite1591377684433.groovy:37)
Caused by: javax.crypto.IllegalBlockSizeException: Input length must be multiple of 8 when decrypting with padded cipher
	at com.sun.crypto.provider.CipherCore.doFinal(CipherCore.java:936)
	at com.sun.crypto.provider.CipherCore.doFinal(CipherCore.java:847)
	at com.sun.crypto.provider.PKCS12PBECipherCore.implDoFinal(PKCS12PBECipherCore.java:399)
	at com.sun.crypto.provider.PKCS12PBECipherCore$PBEWithSHA1AndDESede.engineDoFinal(PKCS12PBECipherCore.java:431)
	at com.kms.katalon.util.CryptoUtil.decode(CryptoUtil.java:86)
	at com.kms.katalon.core.webui.keyword.builtin.SetEncryptedTextKeyword$_setEncryptedText_closure1.doCall(SetEncryptedTextKeyword.groovy:48)
	at com.kms.katalon.core.webui.keyword.builtin.SetEncryptedTextKeyword$_setEncryptedText_closure1.call(SetEncryptedTextKeyword.groovy)
	at com.kms.katalon.core.webui.keyword.internal.WebUIKeywordMain.runKeyword(WebUIKeywordMain.groovy:20)
	... 19 more
"/>
         <system-out><![CDATA[2020-06-06 00:23:04 - [TEST_CASE][FAILED] - Test Cases/Internal/Change email accounts: Test Cases/Internal/Change email accounts FAILED.
Reason:
com.kms.katalon.core.exception.StepFailedException: Unable to set encrypted text for object 'Object Repository/Page_ Town Square - eligendi Mattermost/input_Current Password_currentPassword'
	at com.kms.katalon.core.webui.keyword.internal.WebUIKeywordMain.stepFailed(WebUIKeywordMain.groovy:64)
	at com.kms.katalon.core.webui.keyword.internal.WebUIKeywordMain.runKeyword(WebUIKeywordMain.groovy:26)
	at com.kms.katalon.core.webui.keyword.builtin.SetEncryptedTextKeyword.setEncryptedText(SetEncryptedTextKeyword.groovy:65)
	at com.kms.katalon.core.webui.keyword.builtin.SetEncryptedTextKeyword.execute(SetEncryptedTextKeyword.groovy:34)
	at com.kms.katalon.core.keyword.internal.KeywordExecutor.executeKeywordForPlatform(KeywordExecutor.groovy:72)
	at com.kms.katalon.core.webui.keyword.WebUiBuiltInKeywords.setEncryptedText(WebUiBuiltInKeywords.groovy:1007)
	at com.kms.katalon.core.webui.keyword.WebUiBuiltInKeywords$setEncryptedText$2.call(Unknown Source)
	at Change email accounts.run(Change email accounts:39)
	at com.kms.katalon.core.main.ScriptEngine.run(ScriptEngine.java:194)
	at com.kms.katalon.core.main.ScriptEngine.runScriptAsRawText(ScriptEngine.java:119)
	at com.kms.katalon.core.main.TestCaseExecutor.runScript(TestCaseExecutor.java:337)
	at com.kms.katalon.core.main.TestCaseExecutor.doExecute(TestCaseExecutor.java:328)
	at com.kms.katalon.core.main.TestCaseExecutor.processExecutionPhase(TestCaseExecutor.java:307)
	at com.kms.katalon.core.main.TestCaseExecutor.accessMainPhase(TestCaseExecutor.java:299)
	at com.kms.katalon.core.main.TestCaseExecutor.execute(TestCaseExecutor.java:233)
	at com.kms.katalon.core.main.TestSuiteExecutor.accessTestCaseMainPhase(TestSuiteExecutor.java:169)
	at com.kms.katalon.core.main.TestSuiteExecutor.accessTestSuiteMainPhase(TestSuiteExecutor.java:142)
	at com.kms.katalon.core.main.TestSuiteExecutor.execute(TestSuiteExecutor.java:91)
	at com.kms.katalon.core.main.TestCaseMain.startTestSuite(TestCaseMain.java:157)
	at com.kms.katalon.core.main.TestCaseMain$startTestSuite$0.call(Unknown Source)
	at TempTestSuite1591377684433.run(TempTestSuite1591377684433.groovy:37)
Caused by: javax.crypto.IllegalBlockSizeException: Input length must be multiple of 8 when decrypting with padded cipher
	at com.sun.crypto.provider.CipherCore.doFinal(CipherCore.java:936)
	at com.sun.crypto.provider.CipherCore.doFinal(CipherCore.java:847)
	at com.sun.crypto.provider.PKCS12PBECipherCore.implDoFinal(PKCS12PBECipherCore.java:399)
	at com.sun.crypto.provider.PKCS12PBECipherCore$PBEWithSHA1AndDESede.engineDoFinal(PKCS12PBECipherCore.java:431)
	at com.kms.katalon.util.CryptoUtil.decode(CryptoUtil.java:86)
	at com.kms.katalon.core.webui.keyword.builtin.SetEncryptedTextKeyword$_setEncryptedText_closure1.doCall(SetEncryptedTextKeyword.groovy:48)
	at com.kms.katalon.core.webui.keyword.builtin.SetEncryptedTextKeyword$_setEncryptedText_closure1.call(SetEncryptedTextKeyword.groovy)
	at com.kms.katalon.core.webui.keyword.internal.WebUIKeywordMain.runKeyword(WebUIKeywordMain.groovy:20)
	... 19 more


2020-06-06 00:23:04 - [TEST_STEP][PASSED] - openBrowser(""): Browser is opened with url: ''

2020-06-06 00:23:04 - [MESSAGE][INFO] - Starting 'Firefox' driver

2020-06-06 00:23:04 - [MESSAGE][INFO] - Action delay is set to 0 milliseconds

2020-06-06 00:23:07 - [MESSAGE][PASSED] - Browser is opened with url: ''

2020-06-06 00:23:07 - [TEST_STEP][PASSED] - navigateToUrl("http://localhost:8065/login"): Navigate to 'http://localhost:8065/login' successfully

2020-06-06 00:23:08 - [MESSAGE][PASSED] - Navigate to 'http://localhost:8065/login' successfully

2020-06-06 00:23:08 - [TEST_STEP][PASSED] - setText(findTestObject("Page_Mattermost/input_All team communication in one place s_703ef5"), "user-1"): Text 'user-1' is set on object 'Object Repository/Page_Mattermost/input_All team communication in one place s_703ef5'

2020-06-06 00:23:09 - [MESSAGE][PASSED] - Text 'user-1' is set on object 'Object Repository/Page_Mattermost/input_All team communication in one place s_703ef5'

2020-06-06 00:23:09 - [TEST_STEP][PASSED] - setEncryptedText(findTestObject("Page_Mattermost/input_All team communication in one place s_2f2733"), "MZgS3bkacIma+dCTaK/maA=="): Text ****** has been set on object 'Object Repository/Page_Mattermost/input_All team communication in one place s_2f2733'

2020-06-06 00:23:10 - [MESSAGE][PASSED] - Text ****** has been set on object 'Object Repository/Page_Mattermost/input_All team communication in one place s_2f2733'

2020-06-06 00:23:10 - [TEST_STEP][PASSED] - click(findTestObject("Page_Mattermost/button_Sign in")): Object: 'Object Repository/Page_Mattermost/button_Sign in' is clicked on

2020-06-06 00:23:10 - [MESSAGE][PASSED] - Object: 'Object Repository/Page_Mattermost/button_Sign in' is clicked on

2020-06-06 00:23:10 - [TEST_STEP][PASSED] - click(findTestObject("Page_ Town Square - eligendi Mattermost/div_user-1")): Object: 'Object Repository/Page_ Town Square - eligendi Mattermost/div_user-1' is clicked on

2020-06-06 00:23:12 - [MESSAGE][PASSED] - Object: 'Object Repository/Page_ Town Square - eligendi Mattermost/div_user-1' is clicked on

2020-06-06 00:23:12 - [TEST_STEP][PASSED] - click(findTestObject("Page_ Town Square - eligendi Mattermost/button_Account Settings")): Object: 'Object Repository/Page_ Town Square - eligendi Mattermost/button_Account Settings' is clicked on

2020-06-06 00:23:13 - [MESSAGE][PASSED] - Object: 'Object Repository/Page_ Town Square - eligendi Mattermost/button_Account Settings' is clicked on

2020-06-06 00:23:13 - [TEST_STEP][PASSED] - click(findTestObject("Object Repository/Page_ Town Square - eligendi Mattermost/span_Edit")): Object: 'Object Repository/Page_ Town Square - eligendi Mattermost/span_Edit' is clicked on

2020-06-06 00:23:14 - [MESSAGE][PASSED] - Object: 'Object Repository/Page_ Town Square - eligendi Mattermost/span_Edit' is clicked on

2020-06-06 00:23:14 - [TEST_STEP][PASSED] - setText(findTestObject("Page_ Town Square - eligendi Mattermost/input_New Email_primaryEmail"), newemail): Text 'abc@.com' is set on object 'Object Repository/Page_ Town Square - eligendi Mattermost/input_New Email_primaryEmail'

2020-06-06 00:23:14 - [MESSAGE][PASSED] - Text 'abc@.com' is set on object 'Object Repository/Page_ Town Square - eligendi Mattermost/input_New Email_primaryEmail'

2020-06-06 00:23:14 - [TEST_STEP][PASSED] - setText(findTestObject("Page_ Town Square - eligendi Mattermost/input_Confirm Email_confirmEmail"), confirmemail): Text 'abc' is set on object 'Object Repository/Page_ Town Square - eligendi Mattermost/input_Confirm Email_confirmEmail'

2020-06-06 00:23:15 - [MESSAGE][PASSED] - Text 'abc' is set on object 'Object Repository/Page_ Town Square - eligendi Mattermost/input_Confirm Email_confirmEmail'

2020-06-06 00:23:15 - [TEST_STEP][FAILED] - setEncryptedText(findTestObject("Page_ Town Square - eligendi Mattermost/input_Current Password_currentPassword"), password): Unable to set encrypted text for object 'Object Repository/Page_ Town Square - eligendi Mattermost/input_Current Password_currentPassword' (Root cause: com.kms.katalon.core.exception.StepFailedException: Unable to set encrypted text for object 'Object Repository/Page_ Town Square - eligendi Mattermost/input_Current Password_currentPassword'
	at com.kms.katalon.core.webui.keyword.internal.WebUIKeywordMain.stepFailed(WebUIKeywordMain.groovy:64)
	at com.kms.katalon.core.webui.keyword.internal.WebUIKeywordMain.runKeyword(WebUIKeywordMain.groovy:26)
	at com.kms.katalon.core.webui.keyword.builtin.SetEncryptedTextKeyword.setEncryptedText(SetEncryptedTextKeyword.groovy:65)
	at com.kms.katalon.core.webui.keyword.builtin.SetEncryptedTextKeyword.execute(SetEncryptedTextKeyword.groovy:34)
	at com.kms.katalon.core.keyword.internal.KeywordExecutor.executeKeywordForPlatform(KeywordExecutor.groovy:72)
	at com.kms.katalon.core.webui.keyword.WebUiBuiltInKeywords.setEncryptedText(WebUiBuiltInKeywords.groovy:1007)
	at com.kms.katalon.core.webui.keyword.WebUiBuiltInKeywords$setEncryptedText$2.call(Unknown Source)
	at Change email accounts.run(Change email accounts:39)
	at com.kms.katalon.core.main.ScriptEngine.run(ScriptEngine.java:194)
	at com.kms.katalon.core.main.ScriptEngine.runScriptAsRawText(ScriptEngine.java:119)
	at com.kms.katalon.core.main.TestCaseExecutor.runScript(TestCaseExecutor.java:337)
	at com.kms.katalon.core.main.TestCaseExecutor.doExecute(TestCaseExecutor.java:328)
	at com.kms.katalon.core.main.TestCaseExecutor.processExecutionPhase(TestCaseExecutor.java:307)
	at com.kms.katalon.core.main.TestCaseExecutor.accessMainPhase(TestCaseExecutor.java:299)
	at com.kms.katalon.core.main.TestCaseExecutor.execute(TestCaseExecutor.java:233)
	at com.kms.katalon.core.main.TestSuiteExecutor.accessTestCaseMainPhase(TestSuiteExecutor.java:169)
	at com.kms.katalon.core.main.TestSuiteExecutor.accessTestSuiteMainPhase(TestSuiteExecutor.java:142)
	at com.kms.katalon.core.main.TestSuiteExecutor.execute(TestSuiteExecutor.java:91)
	at com.kms.katalon.core.main.TestCaseMain.startTestSuite(TestCaseMain.java:157)
	at com.kms.katalon.core.main.TestCaseMain$startTestSuite$0.call(Unknown Source)
	at TempTestSuite1591377684433.run(TempTestSuite1591377684433.groovy:37)
Caused by: javax.crypto.IllegalBlockSizeException: Input length must be multiple of 8 when decrypting with padded cipher
	at com.sun.crypto.provider.CipherCore.doFinal(CipherCore.java:936)
	at com.sun.crypto.provider.CipherCore.doFinal(CipherCore.java:847)
	at com.sun.crypto.provider.PKCS12PBECipherCore.implDoFinal(PKCS12PBECipherCore.java:399)
	at com.sun.crypto.provider.PKCS12PBECipherCore$PBEWithSHA1AndDESede.engineDoFinal(PKCS12PBECipherCore.java:431)
	at com.kms.katalon.util.CryptoUtil.decode(CryptoUtil.java:86)
	at com.kms.katalon.core.webui.keyword.builtin.SetEncryptedTextKeyword$_setEncryptedText_closure1.doCall(SetEncryptedTextKeyword.groovy:48)
	at com.kms.katalon.core.webui.keyword.builtin.SetEncryptedTextKeyword$_setEncryptedText_closure1.call(SetEncryptedTextKeyword.groovy)
	at com.kms.katalon.core.webui.keyword.internal.WebUIKeywordMain.runKeyword(WebUIKeywordMain.groovy:20)
	at com.kms.katalon.core.webui.keyword.builtin.SetEncryptedTextKeyword.setEncryptedText(SetEncryptedTextKeyword.groovy:65)
	at com.kms.katalon.core.webui.keyword.builtin.SetEncryptedTextKeyword.execute(SetEncryptedTextKeyword.groovy:34)
	at com.kms.katalon.core.keyword.internal.KeywordExecutor.executeKeywordForPlatform(KeywordExecutor.groovy:72)
	at com.kms.katalon.core.webui.keyword.WebUiBuiltInKeywords.setEncryptedText(WebUiBuiltInKeywords.groovy:1007)
	at com.kms.katalon.core.webui.keyword.WebUiBuiltInKeywords$setEncryptedText$2.call(Unknown Source)
	at Script1590749848897.run(Script1590749848897.groovy:39)
	... 13 more
)

2020-06-06 00:23:15 - [MESSAGE][FAILED] - Unable to set encrypted text for object 'Object Repository/Page_ Town Square - eligendi Mattermost/input_Current Password_currentPassword' (Root cause: com.kms.katalon.core.exception.StepFailedException: Unable to set encrypted text for object 'Object Repository/Page_ Town Square - eligendi Mattermost/input_Current Password_currentPassword'
	at com.kms.katalon.core.webui.keyword.internal.WebUIKeywordMain.stepFailed(WebUIKeywordMain.groovy:64)
	at com.kms.katalon.core.webui.keyword.internal.WebUIKeywordMain.runKeyword(WebUIKeywordMain.groovy:26)
	at com.kms.katalon.core.webui.keyword.builtin.SetEncryptedTextKeyword.setEncryptedText(SetEncryptedTextKeyword.groovy:65)
	at com.kms.katalon.core.webui.keyword.builtin.SetEncryptedTextKeyword.execute(SetEncryptedTextKeyword.groovy:34)
	at com.kms.katalon.core.keyword.internal.KeywordExecutor.executeKeywordForPlatform(KeywordExecutor.groovy:72)
	at com.kms.katalon.core.webui.keyword.WebUiBuiltInKeywords.setEncryptedText(WebUiBuiltInKeywords.groovy:1007)
	at com.kms.katalon.core.webui.keyword.WebUiBuiltInKeywords$setEncryptedText$2.call(Unknown Source)
	at Change email accounts.run(Change email accounts:39)
	at com.kms.katalon.core.main.ScriptEngine.run(ScriptEngine.java:194)
	at com.kms.katalon.core.main.ScriptEngine.runScriptAsRawText(ScriptEngine.java:119)
	at com.kms.katalon.core.main.TestCaseExecutor.runScript(TestCaseExecutor.java:337)
	at com.kms.katalon.core.main.TestCaseExecutor.doExecute(TestCaseExecutor.java:328)
	at com.kms.katalon.core.main.TestCaseExecutor.processExecutionPhase(TestCaseExecutor.java:307)
	at com.kms.katalon.core.main.TestCaseExecutor.accessMainPhase(TestCaseExecutor.java:299)
	at com.kms.katalon.core.main.TestCaseExecutor.execute(TestCaseExecutor.java:233)
	at com.kms.katalon.core.main.TestSuiteExecutor.accessTestCaseMainPhase(TestSuiteExecutor.java:169)
	at com.kms.katalon.core.main.TestSuiteExecutor.accessTestSuiteMainPhase(TestSuiteExecutor.java:142)
	at com.kms.katalon.core.main.TestSuiteExecutor.execute(TestSuiteExecutor.java:91)
	at com.kms.katalon.core.main.TestCaseMain.startTestSuite(TestCaseMain.java:157)
	at com.kms.katalon.core.main.TestCaseMain$startTestSuite$0.call(Unknown Source)
	at TempTestSuite1591377684433.run(TempTestSuite1591377684433.groovy:37)
Caused by: javax.crypto.IllegalBlockSizeException: Input length must be multiple of 8 when decrypting with padded cipher
	at com.sun.crypto.provider.CipherCore.doFinal(CipherCore.java:936)
	at com.sun.crypto.provider.CipherCore.doFinal(CipherCore.java:847)
	at com.sun.crypto.provider.PKCS12PBECipherCore.implDoFinal(PKCS12PBECipherCore.java:399)
	at com.sun.crypto.provider.PKCS12PBECipherCore$PBEWithSHA1AndDESede.engineDoFinal(PKCS12PBECipherCore.java:431)
	at com.kms.katalon.util.CryptoUtil.decode(CryptoUtil.java:86)
	at com.kms.katalon.core.webui.keyword.builtin.SetEncryptedTextKeyword$_setEncryptedText_closure1.doCall(SetEncryptedTextKeyword.groovy:48)
	at com.kms.katalon.core.webui.keyword.builtin.SetEncryptedTextKeyword$_setEncryptedText_closure1.call(SetEncryptedTextKeyword.groovy)
	at com.kms.katalon.core.webui.keyword.internal.WebUIKeywordMain.runKeyword(WebUIKeywordMain.groovy:20)
	at com.kms.katalon.core.webui.keyword.builtin.SetEncryptedTextKeyword.setEncryptedText(SetEncryptedTextKeyword.groovy:65)
	at com.kms.katalon.core.webui.keyword.builtin.SetEncryptedTextKeyword.execute(SetEncryptedTextKeyword.groovy:34)
	at com.kms.katalon.core.keyword.internal.KeywordExecutor.executeKeywordForPlatform(KeywordExecutor.groovy:72)
	at com.kms.katalon.core.webui.keyword.WebUiBuiltInKeywords.setEncryptedText(WebUiBuiltInKeywords.groovy:1007)
	at com.kms.katalon.core.webui.keyword.WebUiBuiltInKeywords$setEncryptedText$2.call(Unknown Source)
	at Script1590749848897.run(Script1590749848897.groovy:39)
	... 13 more
)
[[ATTACHMENT|/Users/hieutong/Documents/hieutong/AdvancedItem/mattermost-testing/Reports/20200606_002054/Run Masttermost Tests/20200606_002054/1591377795601.png]]]]></system-out>
         <system-err><![CDATA[2020-06-06 00:23:04 - [TEST_CASE][FAILED] - Test Cases/Internal/Change email accounts: Test Cases/Internal/Change email accounts FAILED.
Reason:
com.kms.katalon.core.exception.StepFailedException: Unable to set encrypted text for object 'Object Repository/Page_ Town Square - eligendi Mattermost/input_Current Password_currentPassword'
	at com.kms.katalon.core.webui.keyword.internal.WebUIKeywordMain.stepFailed(WebUIKeywordMain.groovy:64)
	at com.kms.katalon.core.webui.keyword.internal.WebUIKeywordMain.runKeyword(WebUIKeywordMain.groovy:26)
	at com.kms.katalon.core.webui.keyword.builtin.SetEncryptedTextKeyword.setEncryptedText(SetEncryptedTextKeyword.groovy:65)
	at com.kms.katalon.core.webui.keyword.builtin.SetEncryptedTextKeyword.execute(SetEncryptedTextKeyword.groovy:34)
	at com.kms.katalon.core.keyword.internal.KeywordExecutor.executeKeywordForPlatform(KeywordExecutor.groovy:72)
	at com.kms.katalon.core.webui.keyword.WebUiBuiltInKeywords.setEncryptedText(WebUiBuiltInKeywords.groovy:1007)
	at com.kms.katalon.core.webui.keyword.WebUiBuiltInKeywords$setEncryptedText$2.call(Unknown Source)
	at Change email accounts.run(Change email accounts:39)
	at com.kms.katalon.core.main.ScriptEngine.run(ScriptEngine.java:194)
	at com.kms.katalon.core.main.ScriptEngine.runScriptAsRawText(ScriptEngine.java:119)
	at com.kms.katalon.core.main.TestCaseExecutor.runScript(TestCaseExecutor.java:337)
	at com.kms.katalon.core.main.TestCaseExecutor.doExecute(TestCaseExecutor.java:328)
	at com.kms.katalon.core.main.TestCaseExecutor.processExecutionPhase(TestCaseExecutor.java:307)
	at com.kms.katalon.core.main.TestCaseExecutor.accessMainPhase(TestCaseExecutor.java:299)
	at com.kms.katalon.core.main.TestCaseExecutor.execute(TestCaseExecutor.java:233)
	at com.kms.katalon.core.main.TestSuiteExecutor.accessTestCaseMainPhase(TestSuiteExecutor.java:169)
	at com.kms.katalon.core.main.TestSuiteExecutor.accessTestSuiteMainPhase(TestSuiteExecutor.java:142)
	at com.kms.katalon.core.main.TestSuiteExecutor.execute(TestSuiteExecutor.java:91)
	at com.kms.katalon.core.main.TestCaseMain.startTestSuite(TestCaseMain.java:157)
	at com.kms.katalon.core.main.TestCaseMain$startTestSuite$0.call(Unknown Source)
	at TempTestSuite1591377684433.run(TempTestSuite1591377684433.groovy:37)
Caused by: javax.crypto.IllegalBlockSizeException: Input length must be multiple of 8 when decrypting with padded cipher
	at com.sun.crypto.provider.CipherCore.doFinal(CipherCore.java:936)
	at com.sun.crypto.provider.CipherCore.doFinal(CipherCore.java:847)
	at com.sun.crypto.provider.PKCS12PBECipherCore.implDoFinal(PKCS12PBECipherCore.java:399)
	at com.sun.crypto.provider.PKCS12PBECipherCore$PBEWithSHA1AndDESede.engineDoFinal(PKCS12PBECipherCore.java:431)
	at com.kms.katalon.util.CryptoUtil.decode(CryptoUtil.java:86)
	at com.kms.katalon.core.webui.keyword.builtin.SetEncryptedTextKeyword$_setEncryptedText_closure1.doCall(SetEncryptedTextKeyword.groovy:48)
	at com.kms.katalon.core.webui.keyword.builtin.SetEncryptedTextKeyword$_setEncryptedText_closure1.call(SetEncryptedTextKeyword.groovy)
	at com.kms.katalon.core.webui.keyword.internal.WebUIKeywordMain.runKeyword(WebUIKeywordMain.groovy:20)
	... 19 more]]></system-err>
      </testcase>
      <testcase name="Test Cases/Internal/Change email accounts" time="16.418" classname="Test Cases/Internal/Change email accounts" status="PASSED">
         <system-out><![CDATA[2020-06-06 00:23:15 - [TEST_CASE][PASSED] - Test Cases/Internal/Change email accounts: Test Cases/Internal/Change email accounts

2020-06-06 00:23:15 - [TEST_STEP][PASSED] - openBrowser(""): Browser is opened with url: ''

2020-06-06 00:23:15 - [MESSAGE][WARNING] - A browser is already opened. Closing browser and opening a new one

2020-06-06 00:23:17 - [MESSAGE][INFO] - Starting 'Firefox' driver

2020-06-06 00:23:17 - [MESSAGE][INFO] - Action delay is set to 0 milliseconds

2020-06-06 00:23:20 - [MESSAGE][PASSED] - Browser is opened with url: ''

2020-06-06 00:23:20 - [TEST_STEP][PASSED] - navigateToUrl("http://localhost:8065/login"): Navigate to 'http://localhost:8065/login' successfully

2020-06-06 00:23:21 - [MESSAGE][PASSED] - Navigate to 'http://localhost:8065/login' successfully

2020-06-06 00:23:21 - [TEST_STEP][PASSED] - setText(findTestObject("Page_Mattermost/input_All team communication in one place s_703ef5"), "user-1"): Text 'user-1' is set on object 'Object Repository/Page_Mattermost/input_All team communication in one place s_703ef5'

2020-06-06 00:23:22 - [MESSAGE][PASSED] - Text 'user-1' is set on object 'Object Repository/Page_Mattermost/input_All team communication in one place s_703ef5'

2020-06-06 00:23:22 - [TEST_STEP][PASSED] - setEncryptedText(findTestObject("Page_Mattermost/input_All team communication in one place s_2f2733"), "MZgS3bkacIma+dCTaK/maA=="): Text ****** has been set on object 'Object Repository/Page_Mattermost/input_All team communication in one place s_2f2733'

2020-06-06 00:23:23 - [MESSAGE][PASSED] - Text ****** has been set on object 'Object Repository/Page_Mattermost/input_All team communication in one place s_2f2733'

2020-06-06 00:23:23 - [TEST_STEP][PASSED] - click(findTestObject("Page_Mattermost/button_Sign in")): Object: 'Object Repository/Page_Mattermost/button_Sign in' is clicked on

2020-06-06 00:23:23 - [MESSAGE][PASSED] - Object: 'Object Repository/Page_Mattermost/button_Sign in' is clicked on

2020-06-06 00:23:23 - [TEST_STEP][PASSED] - click(findTestObject("Page_ Town Square - eligendi Mattermost/div_user-1")): Object: 'Object Repository/Page_ Town Square - eligendi Mattermost/div_user-1' is clicked on

2020-06-06 00:23:25 - [MESSAGE][PASSED] - Object: 'Object Repository/Page_ Town Square - eligendi Mattermost/div_user-1' is clicked on

2020-06-06 00:23:25 - [TEST_STEP][PASSED] - click(findTestObject("Page_ Town Square - eligendi Mattermost/button_Account Settings")): Object: 'Object Repository/Page_ Town Square - eligendi Mattermost/button_Account Settings' is clicked on

2020-06-06 00:23:26 - [MESSAGE][PASSED] - Object: 'Object Repository/Page_ Town Square - eligendi Mattermost/button_Account Settings' is clicked on

2020-06-06 00:23:26 - [TEST_STEP][PASSED] - click(findTestObject("Object Repository/Page_ Town Square - eligendi Mattermost/span_Edit")): Object: 'Object Repository/Page_ Town Square - eligendi Mattermost/span_Edit' is clicked on

2020-06-06 00:23:27 - [MESSAGE][PASSED] - Object: 'Object Repository/Page_ Town Square - eligendi Mattermost/span_Edit' is clicked on

2020-06-06 00:23:27 - [TEST_STEP][PASSED] - setText(findTestObject("Page_ Town Square - eligendi Mattermost/input_New Email_primaryEmail"), newemail): Text 'truong@gmail.com' is set on object 'Object Repository/Page_ Town Square - eligendi Mattermost/input_New Email_primaryEmail'

2020-06-06 00:23:27 - [MESSAGE][PASSED] - Text 'truong@gmail.com' is set on object 'Object Repository/Page_ Town Square - eligendi Mattermost/input_New Email_primaryEmail'

2020-06-06 00:23:27 - [TEST_STEP][PASSED] - setText(findTestObject("Page_ Town Square - eligendi Mattermost/input_Confirm Email_confirmEmail"), confirmemail): Text 'truong@gmail.com' is set on object 'Object Repository/Page_ Town Square - eligendi Mattermost/input_Confirm Email_confirmEmail'

2020-06-06 00:23:28 - [MESSAGE][PASSED] - Text 'truong@gmail.com' is set on object 'Object Repository/Page_ Town Square - eligendi Mattermost/input_Confirm Email_confirmEmail'

2020-06-06 00:23:28 - [TEST_STEP][PASSED] - setEncryptedText(findTestObject("Page_ Town Square - eligendi Mattermost/input_Current Password_currentPassword"), password): Text ****** has been set on object 'Object Repository/Page_ Town Square - eligendi Mattermost/input_Current Password_currentPassword'

2020-06-06 00:23:29 - [MESSAGE][PASSED] - Text ****** has been set on object 'Object Repository/Page_ Town Square - eligendi Mattermost/input_Current Password_currentPassword'

2020-06-06 00:23:29 - [TEST_STEP][PASSED] - click(findTestObject("Page_ Town Square - eligendi Mattermost/button_Save")): Object: 'Object Repository/Page_ Town Square - eligendi Mattermost/button_Save' is clicked on

2020-06-06 00:23:29 - [MESSAGE][PASSED] - Object: 'Object Repository/Page_ Town Square - eligendi Mattermost/button_Save' is clicked on

2020-06-06 00:23:29 - [TEST_STEP][PASSED] - closeBrowser(): Browser is closed

2020-06-06 00:23:32 - [MESSAGE][PASSED] - Browser is closed]]></system-out>
         <system-err><![CDATA[]]></system-err>
      </testcase>
      <testcase name="Test Cases/Data Type/Create team" time="11.895" classname="Test Cases/Data Type/Create team" status="PASSED">
         <system-out><![CDATA[2020-06-06 00:23:32 - [TEST_CASE][PASSED] - Test Cases/Data Type/Create team: Test Cases/Data Type/Create team

2020-06-06 00:23:32 - [TEST_STEP][PASSED] - openBrowser(""): Browser is opened with url: ''

2020-06-06 00:23:32 - [MESSAGE][INFO] - Starting 'Firefox' driver

2020-06-06 00:23:32 - [MESSAGE][INFO] - Action delay is set to 0 milliseconds

2020-06-06 00:23:35 - [MESSAGE][PASSED] - Browser is opened with url: ''

2020-06-06 00:23:35 - [TEST_STEP][PASSED] - navigateToUrl("http://localhost:8065/login"): Navigate to 'http://localhost:8065/login' successfully

2020-06-06 00:23:36 - [MESSAGE][PASSED] - Navigate to 'http://localhost:8065/login' successfully

2020-06-06 00:23:36 - [TEST_STEP][PASSED] - setText(findTestObject("Page_Mattermost/input_All team communication in one place s_703ef5"), "user-1"): Text 'user-1' is set on object 'Object Repository/Page_Mattermost/input_All team communication in one place s_703ef5'

2020-06-06 00:23:37 - [MESSAGE][PASSED] - Text 'user-1' is set on object 'Object Repository/Page_Mattermost/input_All team communication in one place s_703ef5'

2020-06-06 00:23:37 - [TEST_STEP][PASSED] - setEncryptedText(findTestObject("Page_Mattermost/input_All team communication in one place s_2f2733"), "MZgS3bkacIma+dCTaK/maA=="): Text ****** has been set on object 'Object Repository/Page_Mattermost/input_All team communication in one place s_2f2733'

2020-06-06 00:23:38 - [MESSAGE][PASSED] - Text ****** has been set on object 'Object Repository/Page_Mattermost/input_All team communication in one place s_2f2733'

2020-06-06 00:23:38 - [TEST_STEP][PASSED] - click(findTestObject("Page_Mattermost/button_Sign in")): Object: 'Object Repository/Page_Mattermost/button_Sign in' is clicked on

2020-06-06 00:23:38 - [MESSAGE][PASSED] - Object: 'Object Repository/Page_Mattermost/button_Sign in' is clicked on

2020-06-06 00:23:38 - [TEST_STEP][PASSED] - click(findTestObject("Object Repository/Page_ Town Square - eligendi Mattermost/div_")): Object: 'Object Repository/Page_ Town Square - eligendi Mattermost/div_' is clicked on

2020-06-06 00:23:40 - [MESSAGE][PASSED] - Object: 'Object Repository/Page_ Town Square - eligendi Mattermost/div_' is clicked on

2020-06-06 00:23:40 - [TEST_STEP][PASSED] - setText(findTestObject("Object Repository/Page_ Town Square - eligendi Mattermost/input_Team Name_teamNameInput"), namegroup): Text 'abcd' is set on object 'Object Repository/Page_ Town Square - eligendi Mattermost/input_Team Name_teamNameInput'

2020-06-06 00:23:40 - [MESSAGE][PASSED] - Text 'abcd' is set on object 'Object Repository/Page_ Town Square - eligendi Mattermost/input_Team Name_teamNameInput'

2020-06-06 00:23:40 - [TEST_STEP][PASSED] - click(findTestObject("Object Repository/Page_ Town Square - eligendi Mattermost/button_Next")): Object: 'Object Repository/Page_ Town Square - eligendi Mattermost/button_Next' is clicked on

2020-06-06 00:23:41 - [MESSAGE][PASSED] - Object: 'Object Repository/Page_ Town Square - eligendi Mattermost/button_Next' is clicked on

2020-06-06 00:23:41 - [TEST_STEP][PASSED] - closeBrowser(): Browser is closed

2020-06-06 00:23:44 - [MESSAGE][PASSED] - Browser is closed]]></system-out>
         <system-err><![CDATA[]]></system-err>
      </testcase>
      <testcase name="Test Cases/Data Type/Create team" time="10.815" classname="Test Cases/Data Type/Create team" status="PASSED">
         <system-out><![CDATA[2020-06-06 00:23:44 - [TEST_CASE][PASSED] - Test Cases/Data Type/Create team: Test Cases/Data Type/Create team

2020-06-06 00:23:44 - [TEST_STEP][PASSED] - openBrowser(""): Browser is opened with url: ''

2020-06-06 00:23:44 - [MESSAGE][INFO] - Starting 'Firefox' driver

2020-06-06 00:23:44 - [MESSAGE][INFO] - Action delay is set to 0 milliseconds

2020-06-06 00:23:47 - [MESSAGE][PASSED] - Browser is opened with url: ''

2020-06-06 00:23:47 - [TEST_STEP][PASSED] - navigateToUrl("http://localhost:8065/login"): Navigate to 'http://localhost:8065/login' successfully

2020-06-06 00:23:47 - [MESSAGE][PASSED] - Navigate to 'http://localhost:8065/login' successfully

2020-06-06 00:23:47 - [TEST_STEP][PASSED] - setText(findTestObject("Page_Mattermost/input_All team communication in one place s_703ef5"), "user-1"): Text 'user-1' is set on object 'Object Repository/Page_Mattermost/input_All team communication in one place s_703ef5'

2020-06-06 00:23:49 - [MESSAGE][PASSED] - Text 'user-1' is set on object 'Object Repository/Page_Mattermost/input_All team communication in one place s_703ef5'

2020-06-06 00:23:49 - [TEST_STEP][PASSED] - setEncryptedText(findTestObject("Page_Mattermost/input_All team communication in one place s_2f2733"), "MZgS3bkacIma+dCTaK/maA=="): Text ****** has been set on object 'Object Repository/Page_Mattermost/input_All team communication in one place s_2f2733'

2020-06-06 00:23:49 - [MESSAGE][PASSED] - Text ****** has been set on object 'Object Repository/Page_Mattermost/input_All team communication in one place s_2f2733'

2020-06-06 00:23:49 - [TEST_STEP][PASSED] - click(findTestObject("Page_Mattermost/button_Sign in")): Object: 'Object Repository/Page_Mattermost/button_Sign in' is clicked on

2020-06-06 00:23:50 - [MESSAGE][PASSED] - Object: 'Object Repository/Page_Mattermost/button_Sign in' is clicked on

2020-06-06 00:23:50 - [TEST_STEP][PASSED] - click(findTestObject("Object Repository/Page_ Town Square - eligendi Mattermost/div_")): Object: 'Object Repository/Page_ Town Square - eligendi Mattermost/div_' is clicked on

2020-06-06 00:23:52 - [MESSAGE][PASSED] - Object: 'Object Repository/Page_ Town Square - eligendi Mattermost/div_' is clicked on

2020-06-06 00:23:52 - [TEST_STEP][PASSED] - setText(findTestObject("Object Repository/Page_ Town Square - eligendi Mattermost/input_Team Name_teamNameInput"), namegroup): Text '1abcd' is set on object 'Object Repository/Page_ Town Square - eligendi Mattermost/input_Team Name_teamNameInput'

2020-06-06 00:23:52 - [MESSAGE][PASSED] - Text '1abcd' is set on object 'Object Repository/Page_ Town Square - eligendi Mattermost/input_Team Name_teamNameInput'

2020-06-06 00:23:52 - [TEST_STEP][PASSED] - click(findTestObject("Object Repository/Page_ Town Square - eligendi Mattermost/button_Next")): Object: 'Object Repository/Page_ Town Square - eligendi Mattermost/button_Next' is clicked on

2020-06-06 00:23:53 - [MESSAGE][PASSED] - Object: 'Object Repository/Page_ Town Square - eligendi Mattermost/button_Next' is clicked on

2020-06-06 00:23:53 - [TEST_STEP][PASSED] - closeBrowser(): Browser is closed

2020-06-06 00:23:55 - [MESSAGE][PASSED] - Browser is closed]]></system-out>
         <system-err><![CDATA[]]></system-err>
      </testcase>
      <testcase name="Test Cases/Data Type/Create team" time="11.032" classname="Test Cases/Data Type/Create team" status="PASSED">
         <system-out><![CDATA[2020-06-06 00:23:55 - [TEST_CASE][PASSED] - Test Cases/Data Type/Create team: Test Cases/Data Type/Create team

2020-06-06 00:23:55 - [TEST_STEP][PASSED] - openBrowser(""): Browser is opened with url: ''

2020-06-06 00:23:55 - [MESSAGE][INFO] - Starting 'Firefox' driver

2020-06-06 00:23:55 - [MESSAGE][INFO] - Action delay is set to 0 milliseconds

2020-06-06 00:23:58 - [MESSAGE][PASSED] - Browser is opened with url: ''

2020-06-06 00:23:58 - [TEST_STEP][PASSED] - navigateToUrl("http://localhost:8065/login"): Navigate to 'http://localhost:8065/login' successfully

2020-06-06 00:23:58 - [MESSAGE][PASSED] - Navigate to 'http://localhost:8065/login' successfully

2020-06-06 00:23:58 - [TEST_STEP][PASSED] - setText(findTestObject("Page_Mattermost/input_All team communication in one place s_703ef5"), "user-1"): Text 'user-1' is set on object 'Object Repository/Page_Mattermost/input_All team communication in one place s_703ef5'

2020-06-06 00:23:59 - [MESSAGE][PASSED] - Text 'user-1' is set on object 'Object Repository/Page_Mattermost/input_All team communication in one place s_703ef5'

2020-06-06 00:23:59 - [TEST_STEP][PASSED] - setEncryptedText(findTestObject("Page_Mattermost/input_All team communication in one place s_2f2733"), "MZgS3bkacIma+dCTaK/maA=="): Text ****** has been set on object 'Object Repository/Page_Mattermost/input_All team communication in one place s_2f2733'

2020-06-06 00:24:00 - [MESSAGE][PASSED] - Text ****** has been set on object 'Object Repository/Page_Mattermost/input_All team communication in one place s_2f2733'

2020-06-06 00:24:00 - [TEST_STEP][PASSED] - click(findTestObject("Page_Mattermost/button_Sign in")): Object: 'Object Repository/Page_Mattermost/button_Sign in' is clicked on

2020-06-06 00:24:01 - [MESSAGE][PASSED] - Object: 'Object Repository/Page_Mattermost/button_Sign in' is clicked on

2020-06-06 00:24:01 - [TEST_STEP][PASSED] - click(findTestObject("Object Repository/Page_ Town Square - eligendi Mattermost/div_")): Object: 'Object Repository/Page_ Town Square - eligendi Mattermost/div_' is clicked on

2020-06-06 00:24:02 - [MESSAGE][PASSED] - Object: 'Object Repository/Page_ Town Square - eligendi Mattermost/div_' is clicked on

2020-06-06 00:24:02 - [TEST_STEP][PASSED] - setText(findTestObject("Object Repository/Page_ Town Square - eligendi Mattermost/input_Team Name_teamNameInput"), namegroup): Text 'bcde.' is set on object 'Object Repository/Page_ Town Square - eligendi Mattermost/input_Team Name_teamNameInput'

2020-06-06 00:24:03 - [MESSAGE][PASSED] - Text 'bcde.' is set on object 'Object Repository/Page_ Town Square - eligendi Mattermost/input_Team Name_teamNameInput'

2020-06-06 00:24:03 - [TEST_STEP][PASSED] - click(findTestObject("Object Repository/Page_ Town Square - eligendi Mattermost/button_Next")): Object: 'Object Repository/Page_ Town Square - eligendi Mattermost/button_Next' is clicked on

2020-06-06 00:24:03 - [MESSAGE][PASSED] - Object: 'Object Repository/Page_ Town Square - eligendi Mattermost/button_Next' is clicked on

2020-06-06 00:24:03 - [TEST_STEP][PASSED] - closeBrowser(): Browser is closed

2020-06-06 00:24:06 - [MESSAGE][PASSED] - Browser is closed]]></system-out>
         <system-err><![CDATA[]]></system-err>
      </testcase>
      <testcase name="Test Cases/Data Type/Create team" time="10.84" classname="Test Cases/Data Type/Create team" status="PASSED">
         <system-out><![CDATA[2020-06-06 00:24:06 - [TEST_CASE][PASSED] - Test Cases/Data Type/Create team: Test Cases/Data Type/Create team

2020-06-06 00:24:06 - [TEST_STEP][PASSED] - openBrowser(""): Browser is opened with url: ''

2020-06-06 00:24:06 - [MESSAGE][INFO] - Starting 'Firefox' driver

2020-06-06 00:24:06 - [MESSAGE][INFO] - Action delay is set to 0 milliseconds

2020-06-06 00:24:09 - [MESSAGE][PASSED] - Browser is opened with url: ''

2020-06-06 00:24:09 - [TEST_STEP][PASSED] - navigateToUrl("http://localhost:8065/login"): Navigate to 'http://localhost:8065/login' successfully

2020-06-06 00:24:10 - [MESSAGE][PASSED] - Navigate to 'http://localhost:8065/login' successfully

2020-06-06 00:24:10 - [TEST_STEP][PASSED] - setText(findTestObject("Page_Mattermost/input_All team communication in one place s_703ef5"), "user-1"): Text 'user-1' is set on object 'Object Repository/Page_Mattermost/input_All team communication in one place s_703ef5'

2020-06-06 00:24:11 - [MESSAGE][PASSED] - Text 'user-1' is set on object 'Object Repository/Page_Mattermost/input_All team communication in one place s_703ef5'

2020-06-06 00:24:11 - [TEST_STEP][PASSED] - setEncryptedText(findTestObject("Page_Mattermost/input_All team communication in one place s_2f2733"), "MZgS3bkacIma+dCTaK/maA=="): Text ****** has been set on object 'Object Repository/Page_Mattermost/input_All team communication in one place s_2f2733'

2020-06-06 00:24:11 - [MESSAGE][PASSED] - Text ****** has been set on object 'Object Repository/Page_Mattermost/input_All team communication in one place s_2f2733'

2020-06-06 00:24:11 - [TEST_STEP][PASSED] - click(findTestObject("Page_Mattermost/button_Sign in")): Object: 'Object Repository/Page_Mattermost/button_Sign in' is clicked on

2020-06-06 00:24:12 - [MESSAGE][PASSED] - Object: 'Object Repository/Page_Mattermost/button_Sign in' is clicked on

2020-06-06 00:24:12 - [TEST_STEP][PASSED] - click(findTestObject("Object Repository/Page_ Town Square - eligendi Mattermost/div_")): Object: 'Object Repository/Page_ Town Square - eligendi Mattermost/div_' is clicked on

2020-06-06 00:24:13 - [MESSAGE][PASSED] - Object: 'Object Repository/Page_ Town Square - eligendi Mattermost/div_' is clicked on

2020-06-06 00:24:13 - [TEST_STEP][PASSED] - setText(findTestObject("Object Repository/Page_ Town Square - eligendi Mattermost/input_Team Name_teamNameInput"), namegroup): Text '2bc' is set on object 'Object Repository/Page_ Town Square - eligendi Mattermost/input_Team Name_teamNameInput'

2020-06-06 00:24:14 - [MESSAGE][PASSED] - Text '2bc' is set on object 'Object Repository/Page_ Town Square - eligendi Mattermost/input_Team Name_teamNameInput'

2020-06-06 00:24:14 - [TEST_STEP][PASSED] - click(findTestObject("Object Repository/Page_ Town Square - eligendi Mattermost/button_Next")): Object: 'Object Repository/Page_ Town Square - eligendi Mattermost/button_Next' is clicked on

2020-06-06 00:24:14 - [MESSAGE][PASSED] - Object: 'Object Repository/Page_ Town Square - eligendi Mattermost/button_Next' is clicked on

2020-06-06 00:24:14 - [TEST_STEP][PASSED] - closeBrowser(): Browser is closed

2020-06-06 00:24:16 - [MESSAGE][PASSED] - Browser is closed]]></system-out>
         <system-err><![CDATA[]]></system-err>
      </testcase>
      <testcase name="Test Cases/Data Type/Create team" time="10.762" classname="Test Cases/Data Type/Create team" status="PASSED">
         <system-out><![CDATA[2020-06-06 00:24:16 - [TEST_CASE][PASSED] - Test Cases/Data Type/Create team: Test Cases/Data Type/Create team

2020-06-06 00:24:16 - [TEST_STEP][PASSED] - openBrowser(""): Browser is opened with url: ''

2020-06-06 00:24:16 - [MESSAGE][INFO] - Starting 'Firefox' driver

2020-06-06 00:24:16 - [MESSAGE][INFO] - Action delay is set to 0 milliseconds

2020-06-06 00:24:20 - [MESSAGE][PASSED] - Browser is opened with url: ''

2020-06-06 00:24:20 - [TEST_STEP][PASSED] - navigateToUrl("http://localhost:8065/login"): Navigate to 'http://localhost:8065/login' successfully

2020-06-06 00:24:20 - [MESSAGE][PASSED] - Navigate to 'http://localhost:8065/login' successfully

2020-06-06 00:24:20 - [TEST_STEP][PASSED] - setText(findTestObject("Page_Mattermost/input_All team communication in one place s_703ef5"), "user-1"): Text 'user-1' is set on object 'Object Repository/Page_Mattermost/input_All team communication in one place s_703ef5'

2020-06-06 00:24:22 - [MESSAGE][PASSED] - Text 'user-1' is set on object 'Object Repository/Page_Mattermost/input_All team communication in one place s_703ef5'

2020-06-06 00:24:22 - [TEST_STEP][PASSED] - setEncryptedText(findTestObject("Page_Mattermost/input_All team communication in one place s_2f2733"), "MZgS3bkacIma+dCTaK/maA=="): Text ****** has been set on object 'Object Repository/Page_Mattermost/input_All team communication in one place s_2f2733'

2020-06-06 00:24:22 - [MESSAGE][PASSED] - Text ****** has been set on object 'Object Repository/Page_Mattermost/input_All team communication in one place s_2f2733'

2020-06-06 00:24:22 - [TEST_STEP][PASSED] - click(findTestObject("Page_Mattermost/button_Sign in")): Object: 'Object Repository/Page_Mattermost/button_Sign in' is clicked on

2020-06-06 00:24:23 - [MESSAGE][PASSED] - Object: 'Object Repository/Page_Mattermost/button_Sign in' is clicked on

2020-06-06 00:24:23 - [TEST_STEP][PASSED] - click(findTestObject("Object Repository/Page_ Town Square - eligendi Mattermost/div_")): Object: 'Object Repository/Page_ Town Square - eligendi Mattermost/div_' is clicked on

2020-06-06 00:24:24 - [MESSAGE][PASSED] - Object: 'Object Repository/Page_ Town Square - eligendi Mattermost/div_' is clicked on

2020-06-06 00:24:24 - [TEST_STEP][PASSED] - setText(findTestObject("Object Repository/Page_ Town Square - eligendi Mattermost/input_Team Name_teamNameInput"), namegroup): Text 'team' is set on object 'Object Repository/Page_ Town Square - eligendi Mattermost/input_Team Name_teamNameInput'

2020-06-06 00:24:25 - [MESSAGE][PASSED] - Text 'team' is set on object 'Object Repository/Page_ Town Square - eligendi Mattermost/input_Team Name_teamNameInput'

2020-06-06 00:24:25 - [TEST_STEP][PASSED] - click(findTestObject("Object Repository/Page_ Town Square - eligendi Mattermost/button_Next")): Object: 'Object Repository/Page_ Town Square - eligendi Mattermost/button_Next' is clicked on

2020-06-06 00:24:25 - [MESSAGE][PASSED] - Object: 'Object Repository/Page_ Town Square - eligendi Mattermost/button_Next' is clicked on

2020-06-06 00:24:25 - [TEST_STEP][PASSED] - closeBrowser(): Browser is closed

2020-06-06 00:24:27 - [MESSAGE][PASSED] - Browser is closed]]></system-out>
         <system-err><![CDATA[]]></system-err>
      </testcase>
      <testcase name="Test Cases/Data Type/Wrong password account" time="5.821" classname="Test Cases/Data Type/Wrong password account" status="FAILED">
         <failure type="FAILED" message="Test Cases/Data Type/Wrong password account FAILED.
Reason:
com.kms.katalon.core.exception.StepFailedException: Unable to accept alert
	at com.kms.katalon.core.webui.keyword.internal.WebUIKeywordMain.stepFailed(WebUIKeywordMain.groovy:64)
	at com.kms.katalon.core.webui.keyword.internal.WebUIKeywordMain.runKeyword(WebUIKeywordMain.groovy:26)
	at com.kms.katalon.core.webui.keyword.builtin.AcceptAlertKeyword.acceptAlert(AcceptAlertKeyword.groovy:71)
	at com.kms.katalon.core.webui.keyword.builtin.AcceptAlertKeyword.execute(AcceptAlertKeyword.groovy:66)
	at com.kms.katalon.core.keyword.internal.KeywordExecutor.executeKeywordForPlatform(KeywordExecutor.groovy:72)
	at com.kms.katalon.core.webui.keyword.WebUiBuiltInKeywords.acceptAlert(WebUiBuiltInKeywords.groovy:1518)
	at com.kms.katalon.core.webui.keyword.WebUiBuiltInKeywords$acceptAlert$5.call(Unknown Source)
	at Wrong password account.run(Wrong password account:27)
	at com.kms.katalon.core.main.ScriptEngine.run(ScriptEngine.java:194)
	at com.kms.katalon.core.main.ScriptEngine.runScriptAsRawText(ScriptEngine.java:119)
	at com.kms.katalon.core.main.TestCaseExecutor.runScript(TestCaseExecutor.java:337)
	at com.kms.katalon.core.main.TestCaseExecutor.doExecute(TestCaseExecutor.java:328)
	at com.kms.katalon.core.main.TestCaseExecutor.processExecutionPhase(TestCaseExecutor.java:307)
	at com.kms.katalon.core.main.TestCaseExecutor.accessMainPhase(TestCaseExecutor.java:299)
	at com.kms.katalon.core.main.TestCaseExecutor.execute(TestCaseExecutor.java:233)
	at com.kms.katalon.core.main.TestSuiteExecutor.accessTestCaseMainPhase(TestSuiteExecutor.java:169)
	at com.kms.katalon.core.main.TestSuiteExecutor.accessTestSuiteMainPhase(TestSuiteExecutor.java:142)
	at com.kms.katalon.core.main.TestSuiteExecutor.execute(TestSuiteExecutor.java:91)
	at com.kms.katalon.core.main.TestCaseMain.startTestSuite(TestCaseMain.java:157)
	at com.kms.katalon.core.main.TestCaseMain$startTestSuite$0.call(Unknown Source)
	at TempTestSuite1591377684433.run(TempTestSuite1591377684433.groovy:37)
Caused by: com.kms.katalon.core.exception.StepFailedException: No alert found
	at com.kms.katalon.core.webui.keyword.internal.WebUIKeywordMain.stepFailed(WebUIKeywordMain.groovy:64)
	at com.kms.katalon.core.webui.keyword.builtin.AcceptAlertKeyword$_acceptAlert_closure1.doCall(AcceptAlertKeyword.groovy:78)
	at com.kms.katalon.core.webui.keyword.builtin.AcceptAlertKeyword$_acceptAlert_closure1.call(AcceptAlertKeyword.groovy)
	at com.kms.katalon.core.webui.keyword.internal.WebUIKeywordMain.runKeyword(WebUIKeywordMain.groovy:20)
	... 19 more
"/>
         <system-out><![CDATA[2020-06-06 00:24:27 - [TEST_CASE][FAILED] - Test Cases/Data Type/Wrong password account: Test Cases/Data Type/Wrong password account FAILED.
Reason:
com.kms.katalon.core.exception.StepFailedException: Unable to accept alert
	at com.kms.katalon.core.webui.keyword.internal.WebUIKeywordMain.stepFailed(WebUIKeywordMain.groovy:64)
	at com.kms.katalon.core.webui.keyword.internal.WebUIKeywordMain.runKeyword(WebUIKeywordMain.groovy:26)
	at com.kms.katalon.core.webui.keyword.builtin.AcceptAlertKeyword.acceptAlert(AcceptAlertKeyword.groovy:71)
	at com.kms.katalon.core.webui.keyword.builtin.AcceptAlertKeyword.execute(AcceptAlertKeyword.groovy:66)
	at com.kms.katalon.core.keyword.internal.KeywordExecutor.executeKeywordForPlatform(KeywordExecutor.groovy:72)
	at com.kms.katalon.core.webui.keyword.WebUiBuiltInKeywords.acceptAlert(WebUiBuiltInKeywords.groovy:1518)
	at com.kms.katalon.core.webui.keyword.WebUiBuiltInKeywords$acceptAlert$5.call(Unknown Source)
	at Wrong password account.run(Wrong password account:27)
	at com.kms.katalon.core.main.ScriptEngine.run(ScriptEngine.java:194)
	at com.kms.katalon.core.main.ScriptEngine.runScriptAsRawText(ScriptEngine.java:119)
	at com.kms.katalon.core.main.TestCaseExecutor.runScript(TestCaseExecutor.java:337)
	at com.kms.katalon.core.main.TestCaseExecutor.doExecute(TestCaseExecutor.java:328)
	at com.kms.katalon.core.main.TestCaseExecutor.processExecutionPhase(TestCaseExecutor.java:307)
	at com.kms.katalon.core.main.TestCaseExecutor.accessMainPhase(TestCaseExecutor.java:299)
	at com.kms.katalon.core.main.TestCaseExecutor.execute(TestCaseExecutor.java:233)
	at com.kms.katalon.core.main.TestSuiteExecutor.accessTestCaseMainPhase(TestSuiteExecutor.java:169)
	at com.kms.katalon.core.main.TestSuiteExecutor.accessTestSuiteMainPhase(TestSuiteExecutor.java:142)
	at com.kms.katalon.core.main.TestSuiteExecutor.execute(TestSuiteExecutor.java:91)
	at com.kms.katalon.core.main.TestCaseMain.startTestSuite(TestCaseMain.java:157)
	at com.kms.katalon.core.main.TestCaseMain$startTestSuite$0.call(Unknown Source)
	at TempTestSuite1591377684433.run(TempTestSuite1591377684433.groovy:37)
Caused by: com.kms.katalon.core.exception.StepFailedException: No alert found
	at com.kms.katalon.core.webui.keyword.internal.WebUIKeywordMain.stepFailed(WebUIKeywordMain.groovy:64)
	at com.kms.katalon.core.webui.keyword.builtin.AcceptAlertKeyword$_acceptAlert_closure1.doCall(AcceptAlertKeyword.groovy:78)
	at com.kms.katalon.core.webui.keyword.builtin.AcceptAlertKeyword$_acceptAlert_closure1.call(AcceptAlertKeyword.groovy)
	at com.kms.katalon.core.webui.keyword.internal.WebUIKeywordMain.runKeyword(WebUIKeywordMain.groovy:20)
	... 19 more


2020-06-06 00:24:27 - [TEST_STEP][PASSED] - openBrowser(""): Browser is opened with url: ''

2020-06-06 00:24:27 - [MESSAGE][INFO] - Starting 'Firefox' driver

2020-06-06 00:24:27 - [MESSAGE][INFO] - Action delay is set to 0 milliseconds

2020-06-06 00:24:30 - [MESSAGE][PASSED] - Browser is opened with url: ''

2020-06-06 00:24:30 - [TEST_STEP][PASSED] - navigateToUrl("http://localhost:8065/login"): Navigate to 'http://localhost:8065/login' successfully

2020-06-06 00:24:31 - [MESSAGE][PASSED] - Navigate to 'http://localhost:8065/login' successfully

2020-06-06 00:24:31 - [TEST_STEP][PASSED] - setText(findTestObject("Page_Mattermost/input_All team communication in one place s_703ef5"), "user-1"): Text 'user-1' is set on object 'Object Repository/Page_Mattermost/input_All team communication in one place s_703ef5'

2020-06-06 00:24:32 - [MESSAGE][PASSED] - Text 'user-1' is set on object 'Object Repository/Page_Mattermost/input_All team communication in one place s_703ef5'

2020-06-06 00:24:32 - [TEST_STEP][PASSED] - setEncryptedText(findTestObject("Page_Mattermost/input_All team communication in one place s_2f2733"), password): Text ****** has been set on object 'Object Repository/Page_Mattermost/input_All team communication in one place s_2f2733'

2020-06-06 00:24:33 - [MESSAGE][PASSED] - Text ****** has been set on object 'Object Repository/Page_Mattermost/input_All team communication in one place s_2f2733'

2020-06-06 00:24:33 - [TEST_STEP][FAILED] - acceptAlert(): Unable to accept alert (Root cause: com.kms.katalon.core.exception.StepFailedException: Unable to accept alert
	at com.kms.katalon.core.webui.keyword.internal.WebUIKeywordMain.stepFailed(WebUIKeywordMain.groovy:64)
	at com.kms.katalon.core.webui.keyword.internal.WebUIKeywordMain.runKeyword(WebUIKeywordMain.groovy:26)
	at com.kms.katalon.core.webui.keyword.builtin.AcceptAlertKeyword.acceptAlert(AcceptAlertKeyword.groovy:71)
	at com.kms.katalon.core.webui.keyword.builtin.AcceptAlertKeyword.execute(AcceptAlertKeyword.groovy:66)
	at com.kms.katalon.core.keyword.internal.KeywordExecutor.executeKeywordForPlatform(KeywordExecutor.groovy:72)
	at com.kms.katalon.core.webui.keyword.WebUiBuiltInKeywords.acceptAlert(WebUiBuiltInKeywords.groovy:1518)
	at com.kms.katalon.core.webui.keyword.WebUiBuiltInKeywords$acceptAlert$5.call(Unknown Source)
	at Wrong password account.run(Wrong password account:27)
	at com.kms.katalon.core.main.ScriptEngine.run(ScriptEngine.java:194)
	at com.kms.katalon.core.main.ScriptEngine.runScriptAsRawText(ScriptEngine.java:119)
	at com.kms.katalon.core.main.TestCaseExecutor.runScript(TestCaseExecutor.java:337)
	at com.kms.katalon.core.main.TestCaseExecutor.doExecute(TestCaseExecutor.java:328)
	at com.kms.katalon.core.main.TestCaseExecutor.processExecutionPhase(TestCaseExecutor.java:307)
	at com.kms.katalon.core.main.TestCaseExecutor.accessMainPhase(TestCaseExecutor.java:299)
	at com.kms.katalon.core.main.TestCaseExecutor.execute(TestCaseExecutor.java:233)
	at com.kms.katalon.core.main.TestSuiteExecutor.accessTestCaseMainPhase(TestSuiteExecutor.java:169)
	at com.kms.katalon.core.main.TestSuiteExecutor.accessTestSuiteMainPhase(TestSuiteExecutor.java:142)
	at com.kms.katalon.core.main.TestSuiteExecutor.execute(TestSuiteExecutor.java:91)
	at com.kms.katalon.core.main.TestCaseMain.startTestSuite(TestCaseMain.java:157)
	at com.kms.katalon.core.main.TestCaseMain$startTestSuite$0.call(Unknown Source)
	at TempTestSuite1591377684433.run(TempTestSuite1591377684433.groovy:37)
Caused by: com.kms.katalon.core.exception.StepFailedException: No alert found
	at com.kms.katalon.core.webui.keyword.internal.WebUIKeywordMain.stepFailed(WebUIKeywordMain.groovy:64)
[...]
	at com.kms.katalon.core.main.TestCaseExecutor.doExecute(TestCaseExecutor.java:328)
	at com.kms.katalon.core.main.TestCaseExecutor.processExecutionPhase(TestCaseExecutor.java:307)
	at com.kms.katalon.core.main.TestCaseExecutor.accessMainPhase(TestCaseExecutor.java:299)
	at com.kms.katalon.core.main.TestCaseExecutor.execute(TestCaseExecutor.java:233)
	at com.kms.katalon.core.main.TestSuiteExecutor.accessTestCaseMainPhase(TestSuiteExecutor.java:169)
	at com.kms.katalon.core.main.TestSuiteExecutor.accessTestSuiteMainPhase(TestSuiteExecutor.java:142)
	at com.kms.katalon.core.main.TestSuiteExecutor.execute(TestSuiteExecutor.java:91)
	at com.kms.katalon.core.main.TestCaseMain.startTestSuite(TestCaseMain.java:157)
	at com.kms.katalon.core.main.TestCaseMain$startTestSuite$0.call(Unknown Source)
	at TempTestSuite1591377684433.run(TempTestSuite1591377684433.groovy:37)
Caused by: java.lang.IllegalArgumentException: Object is null
	at com.kms.katalon.core.helper.KeywordHelper.checkTestObjectParameter(KeywordHelper.java:33)
	at com.kms.katalon.core.webui.keyword.builtin.SetTextKeyword$_setText_closure1.doCall(SetTextKeyword.groovy:45)
	at com.kms.katalon.core.webui.keyword.builtin.SetTextKeyword$_setText_closure1.call(SetTextKeyword.groovy)
	at com.kms.katalon.core.webui.keyword.internal.WebUIKeywordMain.runKeyword(WebUIKeywordMain.groovy:20)
	... 19 more


2020-06-06 00:31:02 - [TEST_STEP][PASSED] - callTestCase(findTestCase("Internal/Login succeed"), ["username":username, "password":password], STOP_ON_FAILURE): Call Test Case 'Test Cases/Internal/Login succeed' successfully

2020-06-06 00:31:02 - [TEST_CASE][PASSED] - Test Cases/Internal/Login succeed: Test Cases/Internal/Login succeed

2020-06-06 00:31:02 - [TEST_STEP][PASSED] - openBrowser(""): Browser is opened with url: ''

2020-06-06 00:31:02 - [MESSAGE][WARNING] - A browser is already opened. Closing browser and opening a new one

2020-06-06 00:31:03 - [MESSAGE][INFO] - Starting 'Firefox' driver

2020-06-06 00:31:03 - [MESSAGE][INFO] - Action delay is set to 0 milliseconds

2020-06-06 00:31:06 - [MESSAGE][PASSED] - Browser is opened with url: ''

2020-06-06 00:31:06 - [TEST_STEP][PASSED] - navigateToUrl("http://localhost:8065/login"): Navigate to 'http://localhost:8065/login' successfully

2020-06-06 00:31:07 - [MESSAGE][PASSED] - Navigate to 'http://localhost:8065/login' successfully

2020-06-06 00:31:07 - [TEST_STEP][PASSED] - setText(findTestObject("Page_Mattermost/input_username"), username): Text 'hoanganh' is set on object 'Object Repository/Page_Mattermost/input_username'

2020-06-06 00:31:08 - [MESSAGE][PASSED] - Text 'hoanganh' is set on object 'Object Repository/Page_Mattermost/input_username'

2020-06-06 00:31:08 - [TEST_STEP][PASSED] - setEncryptedText(findTestObject("Page_Mattermost/input_password"), password): Text ****** has been set on object 'Object Repository/Page_Mattermost/input_password'

2020-06-06 00:31:08 - [MESSAGE][PASSED] - Text ****** has been set on object 'Object Repository/Page_Mattermost/input_password'

2020-06-06 00:31:08 - [TEST_STEP][PASSED] - click(findTestObject("Object Repository/Page_Mattermost/button_Sign in")): Object: 'Object Repository/Page_Mattermost/button_Sign in' is clicked on

2020-06-06 00:31:09 - [MESSAGE][PASSED] - Object: 'Object Repository/Page_Mattermost/button_Sign in' is clicked on

2020-06-06 00:31:09 - [MESSAGE][PASSED] - Call Test Case 'Test Cases/Internal/Login succeed' successfully

2020-06-06 00:31:09 - [TEST_STEP][PASSED] - click(findTestObject("Page_Town Square - hotpink Mattermost/btn_hambergerMenu")): Object: 'Object Repository/Page_Town Square - hotpink Mattermost/btn_hambergerMenu' is clicked on

2020-06-06 00:31:10 - [MESSAGE][PASSED] - Object: 'Object Repository/Page_Town Square - hotpink Mattermost/btn_hambergerMenu' is clicked on

2020-06-06 00:31:10 - [TEST_STEP][PASSED] - click(findTestObject("Object Repository/Page_Town Square - hotpink Mattermost/a_Create a New Team")): Object: 'Object Repository/Page_Town Square - hotpink Mattermost/a_Create a New Team' is clicked on

2020-06-06 00:31:11 - [MESSAGE][PASSED] - Object: 'Object Repository/Page_Town Square - hotpink Mattermost/a_Create a New Team' is clicked on

2020-06-06 00:31:11 - [TEST_STEP][FAILED] - setText(findTestObject("Page_Town Square - hotpink Mattermost/input_Team Name_teamNameInput"), new_team): Unable to set text (Root cause: com.kms.katalon.core.exception.StepFailedException: Unable to set text
	at com.kms.katalon.core.webui.keyword.internal.WebUIKeywordMain.stepFailed(WebUIKeywordMain.groovy:64)
	at com.kms.katalon.core.webui.keyword.internal.WebUIKeywordMain.runKeyword(WebUIKeywordMain.groovy:26)
	at com.kms.katalon.core.webui.keyword.builtin.SetTextKeyword.setText(SetTextKeyword.groovy:66)
	at com.kms.katalon.core.webui.keyword.builtin.SetTextKeyword.execute(SetTextKeyword.groovy:37)
	at com.kms.katalon.core.keyword.internal.KeywordExecutor.executeKeywordForPlatform(KeywordExecutor.groovy:72)
	at com.kms.katalon.core.webui.keyword.WebUiBuiltInKeywords.setText(WebUiBuiltInKeywords.groovy:976)
	at com.kms.katalon.core.webui.keyword.WebUiBuiltInKeywords$setText$1.call(Unknown Source)
	at Create new team.run(Create new team:25)
	at com.kms.katalon.core.main.ScriptEngine.run(ScriptEngine.java:194)
	at com.kms.katalon.core.main.ScriptEngine.runScriptAsRawText(ScriptEngine.java:119)
	at com.kms.katalon.core.main.TestCaseExecutor.runScript(TestCaseExecutor.java:337)
	at com.kms.katalon.core.main.TestCaseExecutor.doExecute(TestCaseExecutor.java:328)
	at com.kms.katalon.core.main.TestCaseExecutor.processExecutionPhase(TestCaseExecutor.java:307)
	at com.kms.katalon.core.main.TestCaseExecutor.accessMainPhase(TestCaseExecutor.java:299)
	at com.kms.katalon.core.main.TestCaseExecutor.execute(TestCaseExecutor.java:233)
	at com.kms.katalon.core.main.TestSuiteExecutor.accessTestCaseMainPhase(TestSuiteExecutor.java:169)
	at com.kms.katalon.core.main.TestSuiteExecutor.accessTestSuiteMainPhase(TestSuiteExecutor.java:142)
	at com.kms.katalon.core.main.TestSuiteExecutor.execute(TestSuiteExecutor.java:91)
	at com.kms.katalon.core.main.TestCaseMain.startTestSuite(TestCaseMain.java:157)
	at com.kms.katalon.core.main.TestCaseMain$startTestSuite$0.call(Unknown Source)
	at TempTestSuite1591377684433.run(TempTestSuite1591377684433.groovy:37)
Caused by: java.lang.IllegalArgumentException: Object is null
	at com.kms.katalon.core.helper.KeywordHelper.checkTestObjectParameter(KeywordHelper.java:33)
	at com.kms.katalon.core.webui.keyword.builtin.SetTextKeyword$_setText_closure1.doCall(SetTextKeyword.groovy:45)
	at com.kms.katalon.core.webui.keyword.builtin.SetTextKeyword$_setText_closure1.call(SetTextKeyword.groovy)
	at com.kms.katalon.core.webui.keyword.internal.WebUIKeywordMain.runKeyword(WebUIKeywordMain.groovy:20)
	at com.kms.katalon.core.webui.keyword.builtin.SetTextKeyword.setText(SetTextKeyword.groovy:66)
	at com.kms.katalon.core.webui.keyword.builtin.SetTextKeyword.execute(SetTextKeyword.groovy:37)
	at com.kms.katalon.core.keyword.internal.KeywordExecutor.executeKeywordForPlatform(KeywordExecutor.groovy:72)
	at com.kms.katalon.core.webui.keyword.WebUiBuiltInKeywords.setText(WebUiBuiltInKeywords.groovy:976)
	at com.kms.katalon.core.webui.keyword.WebUiBuiltInKeywords$setText$1.call(Unknown Source)
	at Script1590752310282.run(Script1590752310282.groovy:25)
	... 13 more
)

2020-06-06 00:31:11 - [MESSAGE][WARNING] - Test object with id 'Object Repository/Page_Town Square - hotpink Mattermost/input_Team Name_teamNameInput' does not exist

2020-06-06 00:31:11 - [MESSAGE][WARNING] - Test object with id 'Object Repository/' does not exist

2020-06-06 00:31:11 - [MESSAGE][FAILED] - Unable to set text (Root cause: com.kms.katalon.core.exception.StepFailedException: Unable to set text
	at com.kms.katalon.core.webui.keyword.internal.WebUIKeywordMain.stepFailed(WebUIKeywordMain.groovy:64)
	at com.kms.katalon.core.webui.keyword.internal.WebUIKeywordMain.runKeyword(WebUIKeywordMain.groovy:26)
	at com.kms.katalon.core.webui.keyword.builtin.SetTextKeyword.setText(SetTextKeyword.groovy:66)
	at com.kms.katalon.core.webui.keyword.builtin.SetTextKeyword.execute(SetTextKeyword.groovy:37)
	at com.kms.katalon.core.keyword.internal.KeywordExecutor.executeKeywordForPlatform(KeywordExecutor.groovy:72)
	at com.kms.katalon.core.webui.keyword.WebUiBuiltInKeywords.setText(WebUiBuiltInKeywords.groovy:976)
	at com.kms.katalon.core.webui.keyword.WebUiBuiltInKeywords$setText$1.call(Unknown Source)
	at Create new team.run(Create new team:25)
	at com.kms.katalon.core.main.ScriptEngine.run(ScriptEngine.java:194)
	at com.kms.katalon.core.main.ScriptEngine.runScriptAsRawText(ScriptEngine.java:119)
	at com.kms.katalon.core.main.TestCaseExecutor.runScript(TestCaseExecutor.java:337)
	at com.kms.katalon.core.main.TestCaseExecutor.doExecute(TestCaseExecutor.java:328)
	at com.kms.katalon.core.main.TestCaseExecutor.processExecutionPhase(TestCaseExecutor.java:307)
	at com.kms.katalon.core.main.TestCaseExecutor.accessMainPhase(TestCaseExecutor.java:299)
	at com.kms.katalon.core.main.TestCaseExecutor.execute(TestCaseExecutor.java:233)
	at com.kms.katalon.core.main.TestSuiteExecutor.accessTestCaseMainPhase(TestSuiteExecutor.java:169)
	at com.kms.katalon.core.main.TestSuiteExecutor.accessTestSuiteMainPhase(TestSuiteExecutor.java:142)
	at com.kms.katalon.core.main.TestSuiteExecutor.execute(TestSuiteExecutor.java:91)
	at com.kms.katalon.core.main.TestCaseMain.startTestSuite(TestCaseMain.java:157)
	at com.kms.katalon.core.main.TestCaseMain$startTestSuite$0.call(Unknown Source)
	at TempTestSuite1591377684433.run(TempTestSuite1591377684433.groovy:37)
Caused by: java.lang.IllegalArgumentException: Object is null
	at com.kms.katalon.core.helper.KeywordHelper.checkTestObjectParameter(KeywordHelper.java:33)
	at com.kms.katalon.core.webui.keyword.builtin.SetTextKeyword$_setText_closure1.doCall(SetTextKeyword.groovy:45)
	at com.kms.katalon.core.webui.keyword.builtin.SetTextKeyword$_setText_closure1.call(SetTextKeyword.groovy)
	at com.kms.katalon.core.webui.keyword.internal.WebUIKeywordMain.runKeyword(WebUIKeywordMain.groovy:20)
	at com.kms.katalon.core.webui.keyword.builtin.SetTextKeyword.setText(SetTextKeyword.groovy:66)
	at com.kms.katalon.core.webui.keyword.builtin.SetTextKeyword.execute(SetTextKeyword.groovy:37)
	at com.kms.katalon.core.keyword.internal.KeywordExecutor.executeKeywordForPlatform(KeywordExecutor.groovy:72)
	at com.kms.katalon.core.webui.keyword.WebUiBuiltInKeywords.setText(WebUiBuiltInKeywords.groovy:976)
	at com.kms.katalon.core.webui.keyword.WebUiBuiltInKeywords$setText$1.call(Unknown Source)
	at Script1590752310282.run(Script1590752310282.groovy:25)
	... 13 more
)
[[ATTACHMENT|/Users/hieutong/Documents/hieutong/AdvancedItem/mattermost-testing/Reports/20200606_002054/Run Masttermost Tests/20200606_002054/1591378271364.png]]]]></system-out>
         <system-err><![CDATA[2020-06-06 00:31:02 - [TEST_CASE][FAILED] - Test Cases/Call Test Case/Create new team: Test Cases/Call Test Case/Create new team FAILED.
Reason:
com.kms.katalon.core.exception.StepFailedException: Unable to set text
	at com.kms.katalon.core.webui.keyword.internal.WebUIKeywordMain.stepFailed(WebUIKeywordMain.groovy:64)
	at com.kms.katalon.core.webui.keyword.internal.WebUIKeywordMain.runKeyword(WebUIKeywordMain.groovy:26)
	at com.kms.katalon.core.webui.keyword.builtin.SetTextKeyword.setText(SetTextKeyword.groovy:66)
	at com.kms.katalon.core.webui.keyword.builtin.SetTextKeyword.execute(SetTextKeyword.groovy:37)
	at com.kms.katalon.core.keyword.internal.KeywordExecutor.executeKeywordForPlatform(KeywordExecutor.groovy:72)
	at com.kms.katalon.core.webui.keyword.WebUiBuiltInKeywords.setText(WebUiBuiltInKeywords.groovy:976)
	at com.kms.katalon.core.webui.keyword.WebUiBuiltInKeywords$setText$1.call(Unknown Source)
	at Create new team.run(Create new team:25)
	at com.kms.katalon.core.main.ScriptEngine.run(ScriptEngine.java:194)
	at com.kms.katalon.core.main.ScriptEngine.runScriptAsRawText(ScriptEngine.java:119)
	at com.kms.katalon.core.main.TestCaseExecutor.runScript(TestCaseExecutor.java:337)
	at com.kms.katalon.core.main.TestCaseExecutor.doExecute(TestCaseExecutor.java:328)
	at com.kms.katalon.core.main.TestCaseExecutor.processExecutionPhase(TestCaseExecutor.java:307)
	at com.kms.katalon.core.main.TestCaseExecutor.accessMainPhase(TestCaseExecutor.java:299)
	at com.kms.katalon.core.main.TestCaseExecutor.execute(TestCaseExecutor.java:233)
	at com.kms.katalon.core.main.TestSuiteExecutor.accessTestCaseMainPhase(TestSuiteExecutor.java:169)
	at com.kms.katalon.core.main.TestSuiteExecutor.accessTestSuiteMainPhase(TestSuiteExecutor.java:142)
	at com.kms.katalon.core.main.TestSuiteExecutor.execute(TestSuiteExecutor.java:91)
	at com.kms.katalon.core.main.TestCaseMain.startTestSuite(TestCaseMain.java:157)
	at com.kms.katalon.core.main.TestCaseMain$startTestSuite$0.call(Unknown Source)
	at TempTestSuite1591377684433.run(TempTestSuite1591377684433.groovy:37)
Caused by: java.lang.IllegalArgumentException: Object is null
	at com.kms.katalon.core.helper.KeywordHelper.checkTestObjectParameter(KeywordHelper.java:33)
	at com.kms.katalon.core.webui.keyword.builtin.SetTextKeyword$_setText_closure1.doCall(SetTextKeyword.groovy:45)
	at com.kms.katalon.core.webui.keyword.builtin.SetTextKeyword$_setText_closure1.call(SetTextKeyword.groovy)
	at com.kms.katalon.core.webui.keyword.internal.WebUIKeywordMain.runKeyword(WebUIKeywordMain.groovy:20)
	... 19 more]]></system-err>
      </testcase>
      <system-out><![CDATA[2020-06-06 00:21:27 - [TEST_SUITE][FAILED] - Run Masttermost Tests: Test Cases/Internal/Change email accounts FAILED.
Reason:
com.kms.katalon.core.exception.StepFailedException: Unable to set encrypted text for object 'Object Repository/Page_ Town Square - eligendi Mattermost/input_Current Password_currentPassword'
	at com.kms.katalon.core.webui.keyword.internal.WebUIKeywordMain.stepFailed(WebUIKeywordMain.groovy:64)
	at com.kms.katalon.core.webui.keyword.internal.WebUIKeywordMain.runKeyword(WebUIKeywordMain.groovy:26)
	at com.kms.katalon.core.webui.keyword.builtin.SetEncryptedTextKeyword.setEncryptedText(SetEncryptedTextKeyword.groovy:65)
	at com.kms.katalon.core.webui.keyword.builtin.SetEncryptedTextKeyword.execute(SetEncryptedTextKeyword.groovy:34)
	at com.kms.katalon.core.keyword.internal.KeywordExecutor.executeKeywordForPlatform(KeywordExecutor.groovy:72)
	at com.kms.katalon.core.webui.keyword.WebUiBuiltInKeywords.setEncryptedText(WebUiBuiltInKeywords.groovy:1007)
	at com.kms.katalon.core.webui.keyword.WebUiBuiltInKeywords$setEncryptedText$2.call(Unknown Source)
	at Change email accounts.run(Change email accounts:39)
	at com.kms.katalon.core.main.ScriptEngine.run(ScriptEngine.java:194)
	at com.kms.katalon.core.main.ScriptEngine.runScriptAsRawText(ScriptEngine.java:119)
	at com.kms.katalon.core.main.TestCaseExecutor.runScript(TestCaseExecutor.java:337)
	at com.kms.katalon.core.main.TestCaseExecutor.doExecute(TestCaseExecutor.java:328)
	at com.kms.katalon.core.main.TestCaseExecutor.processExecutionPhase(TestCaseExecutor.java:307)
	at com.kms.katalon.core.main.TestCaseExecutor.accessMainPhase(TestCaseExecutor.java:299)
	at com.kms.katalon.core.main.TestCaseExecutor.execute(TestCaseExecutor.java:233)
	at com.kms.katalon.core.main.TestSuiteExecutor.accessTestCaseMainPhase(TestSuiteExecutor.java:169)
	at com.kms.katalon.core.main.TestSuiteExecutor.accessTestSuiteMainPhase(TestSuiteExecutor.java:142)
	at com.kms.katalon.core.main.TestSuiteExecutor.execute(TestSuiteExecutor.java:91)
	at com.kms.katalon.core.main.TestCaseMain.startTestSuite(TestCaseMain.java:157)
	at com.kms.katalon.core.main.TestCaseMain$startTestSuite$0.call(Unknown Source)
	at TempTestSuite1591377684433.run(TempTestSuite1591377684433.groovy:37)
Caused by: javax.crypto.IllegalBlockSizeException: Input length must be multiple of 8 when decrypting with padded cipher
	at com.sun.crypto.provider.CipherCore.doFinal(CipherCore.java:936)
	at com.sun.crypto.provider.CipherCore.doFinal(CipherCore.java:847)
	at com.sun.crypto.provider.PKCS12PBECipherCore.implDoFinal(PKCS12PBECipherCore.java:399)
	at com.sun.crypto.provider.PKCS12PBECipherCore$PBEWithSHA1AndDESede.engineDoFinal(PKCS12PBECipherCore.java:431)
	at com.kms.katalon.util.CryptoUtil.decode(CryptoUtil.java:86)
	at com.kms.katalon.core.webui.keyword.builtin.SetEncryptedTextKeyword$_setEncryptedText_closure1.doCall(SetEncryptedTextKeyword.groovy:48)
	at com.kms.katalon.core.webui.keyword.builtin.SetEncryptedTextKeyword$_setEncryptedText_closure1.call(SetEncryptedTextKeyword.groovy)
	at com.kms.katalon.core.webui.keyword.internal.WebUIKeywordMain.runKeyword(WebUIKeywordMain.groovy:20)
	... 19 more]]></system-out>
      <system-err><![CDATA[2020-06-06 00:21:27 - [TEST_SUITE][FAILED] - Run Masttermost Tests: Test Cases/Internal/Change email accounts FAILED.
Reason:
com.kms.katalon.core.exception.StepFailedException: Unable to set encrypted text for object 'Object Repository/Page_ Town Square - eligendi Mattermost/input_Current Password_currentPassword'
	at com.kms.katalon.core.webui.keyword.internal.WebUIKeywordMain.stepFailed(WebUIKeywordMain.groovy:64)
	at com.kms.katalon.core.webui.keyword.internal.WebUIKeywordMain.runKeyword(WebUIKeywordMain.groovy:26)
	at com.kms.katalon.core.webui.keyword.builtin.SetEncryptedTextKeyword.setEncryptedText(SetEncryptedTextKeyword.groovy:65)
	at com.kms.katalon.core.webui.keyword.builtin.SetEncryptedTextKeyword.execute(SetEncryptedTextKeyword.groovy:34)
	at com.kms.katalon.core.keyword.internal.KeywordExecutor.executeKeywordForPlatform(KeywordExecutor.groovy:72)
	at com.kms.katalon.core.webui.keyword.WebUiBuiltInKeywords.setEncryptedText(WebUiBuiltInKeywords.groovy:1007)
	at com.kms.katalon.core.webui.keyword.WebUiBuiltInKeywords$setEncryptedText$2.call(Unknown Source)
	at Change email accounts.run(Change email accounts:39)
	at com.kms.katalon.core.main.ScriptEngine.run(ScriptEngine.java:194)
	at com.kms.katalon.core.main.ScriptEngine.runScriptAsRawText(ScriptEngine.java:119)
	at com.kms.katalon.core.main.TestCaseExecutor.runScript(TestCaseExecutor.java:337)
	at com.kms.katalon.core.main.TestCaseExecutor.doExecute(TestCaseExecutor.java:328)
	at com.kms.katalon.core.main.TestCaseExecutor.processExecutionPhase(TestCaseExecutor.java:307)
	at com.kms.katalon.core.main.TestCaseExecutor.accessMainPhase(TestCaseExecutor.java:299)
	at com.kms.katalon.core.main.TestCaseExecutor.execute(TestCaseExecutor.java:233)
	at com.kms.katalon.core.main.TestSuiteExecutor.accessTestCaseMainPhase(TestSuiteExecutor.java:169)
	at com.kms.katalon.core.main.TestSuiteExecutor.accessTestSuiteMainPhase(TestSuiteExecutor.java:142)
	at com.kms.katalon.core.main.TestSuiteExecutor.execute(TestSuiteExecutor.java:91)
	at com.kms.katalon.core.main.TestCaseMain.startTestSuite(TestCaseMain.java:157)
	at com.kms.katalon.core.main.TestCaseMain$startTestSuite$0.call(Unknown Source)
	at TempTestSuite1591377684433.run(TempTestSuite1591377684433.groovy:37)
Caused by: javax.crypto.IllegalBlockSizeException: Input length must be multiple of 8 when decrypting with padded cipher
	at com.sun.crypto.provider.CipherCore.doFinal(CipherCore.java:936)
	at com.sun.crypto.provider.CipherCore.doFinal(CipherCore.java:847)
	at com.sun.crypto.provider.PKCS12PBECipherCore.implDoFinal(PKCS12PBECipherCore.java:399)
	at com.sun.crypto.provider.PKCS12PBECipherCore$PBEWithSHA1AndDESede.engineDoFinal(PKCS12PBECipherCore.java:431)
	at com.kms.katalon.util.CryptoUtil.decode(CryptoUtil.java:86)
	at com.kms.katalon.core.webui.keyword.builtin.SetEncryptedTextKeyword$_setEncryptedText_closure1.doCall(SetEncryptedTextKeyword.groovy:48)
	at com.kms.katalon.core.webui.keyword.builtin.SetEncryptedTextKeyword$_setEncryptedText_closure1.call(SetEncryptedTextKeyword.groovy)
	at com.kms.katalon.core.webui.keyword.internal.WebUIKeywordMain.runKeyword(WebUIKeywordMain.groovy:20)
	... 19 more]]></system-err>
   </testsuite>
</testsuites>
